<?xml version="1.0" encoding="utf-8"?>
<CoverageSession xmlns:xsd="http://www.w3.org/2001/XMLSchema" xmlns:xsi="http://www.w3.org/2001/XMLSchema-instance" Version="0.0.0.0">
  <Summary numSequencePoints="0" visitedSequencePoints="0" numBranchPoints="0" visitedBranchPoints="0" sequenceCoverage="0" branchCoverage="0" maxCyclomaticComplexity="0" minCyclomaticComplexity="0" maxCrapScore="0" minCrapScore="0" visitedClasses="0" numClasses="0" visitedMethods="0" numMethods="0" />
  <Modules>
    <Module>
      <Summary numSequencePoints="0" visitedSequencePoints="0" numBranchPoints="0" visitedBranchPoints="0" sequenceCoverage="0" branchCoverage="0" maxCyclomaticComplexity="0" minCyclomaticComplexity="0" maxCrapScore="0" minCrapScore="0" visitedClasses="0" numClasses="0" visitedMethods="0" numMethods="0" />
      <ModuleTime>0001-01-01T00:00:00</ModuleTime>
      <ModuleName>TestEditor</ModuleName>
      <Files>
        <File uid="1" fullPath="C:\Users\Charles\Desktop\Populo\Assets\TestEditor\TestParams.cs" />
        <File uid="2" fullPath="C:\Users\Charles\Desktop\Populo\Assets\TestEditor\IO\Read\TestFileTokenIterator.cs" />
        <File uid="3" fullPath="C:\Users\Charles\Desktop\Populo\Assets\TestEditor\IO\Read\TestReadLists.cs" />
        <File uid="4" fullPath="C:\Users\Charles\Desktop\Populo\Assets\TestEditor\IO\Read\TestReadObjects.cs" />
        <File uid="5" fullPath="C:\Users\Charles\Desktop\Populo\Assets\TestEditor\IO\Read\TestReadPrimitives.cs" />
        <File uid="6" fullPath="C:\Users\Charles\Desktop\Populo\Assets\TestEditor\IO\Read\TestReadUtils.cs" />
        <File uid="7" fullPath="C:\Users\Charles\Desktop\Populo\Assets\TestEditor\TestUtils.cs" />
      </Files>
      <Classes>
        <Class>
          <Summary numSequencePoints="0" visitedSequencePoints="0" numBranchPoints="0" visitedBranchPoints="0" sequenceCoverage="0" branchCoverage="0" maxCyclomaticComplexity="0" minCyclomaticComplexity="0" maxCrapScore="0" minCrapScore="0" visitedClasses="0" numClasses="0" visitedMethods="0" numMethods="0" />
          <FullName>TestParams[Input,ExpectedOutput]</FullName>
          <Methods>
            <Method visited="false" cyclomaticComplexity="0" nPathComplexity="0" sequenceCoverage="0.0" branchCoverage="0" crapScore="0" isConstructor="true" isStatic="false" isGetter="false" isSetter="false">
              <Summary numSequencePoints="0" visitedSequencePoints="0" numBranchPoints="0" visitedBranchPoints="0" sequenceCoverage="0.0" branchCoverage="0" maxCyclomaticComplexity="0" minCyclomaticComplexity="0" maxCrapScore="0" minCrapScore="0" visitedClasses="0" numClasses="0" visitedMethods="0" numMethods="0" />
              <MetadataToken>100663297</MetadataToken>
              <Name>TestParams[Input,ExpectedOutput]::TestParams(Input, ExpectedOutput, System.String)</Name>
              <FileRef uid="1" />
              <SequencePoints>
                <SequencePoint vc="0" uspid="1" ordinal="0" offset="0" sl="11" sc="0" el="11" ec="0" bec="0" bev="0" fileid="1" />
                <SequencePoint vc="0" uspid="2" ordinal="0" offset="7" sl="12" sc="0" el="12" ec="0" bec="0" bev="0" fileid="1" />
                <SequencePoint vc="0" uspid="3" ordinal="0" offset="8" sl="13" sc="0" el="13" ec="0" bec="0" bev="0" fileid="1" />
                <SequencePoint vc="0" uspid="4" ordinal="0" offset="15" sl="14" sc="0" el="14" ec="0" bec="0" bev="0" fileid="1" />
                <SequencePoint vc="0" uspid="5" ordinal="0" offset="22" sl="15" sc="0" el="15" ec="0" bec="0" bev="0" fileid="1" />
                <SequencePoint vc="0" uspid="6" ordinal="0" offset="29" sl="16" sc="0" el="16" ec="0" bec="0" bev="0" fileid="1" />
              </SequencePoints>
              <BranchPoints />
            </Method>
            <Method visited="false" cyclomaticComplexity="0" nPathComplexity="0" sequenceCoverage="0.0" branchCoverage="0" crapScore="0" isConstructor="true" isStatic="false" isGetter="false" isSetter="false">
              <Summary numSequencePoints="0" visitedSequencePoints="0" numBranchPoints="0" visitedBranchPoints="0" sequenceCoverage="0.0" branchCoverage="0" maxCyclomaticComplexity="0" minCyclomaticComplexity="0" maxCrapScore="0" minCrapScore="0" visitedClasses="0" numClasses="0" visitedMethods="0" numMethods="0" />
              <MetadataToken>100663298</MetadataToken>
              <Name>TestParams[Input,ExpectedOutput]::TestParams(Input, System.String)</Name>
              <FileRef uid="1" />
              <SequencePoints>
                <SequencePoint vc="0" uspid="7" ordinal="0" offset="0" sl="18" sc="0" el="18" ec="0" bec="0" bev="0" fileid="1" />
                <SequencePoint vc="0" uspid="8" ordinal="0" offset="7" sl="19" sc="0" el="19" ec="0" bec="0" bev="0" fileid="1" />
                <SequencePoint vc="0" uspid="9" ordinal="0" offset="8" sl="20" sc="0" el="20" ec="0" bec="0" bev="0" fileid="1" />
                <SequencePoint vc="0" uspid="10" ordinal="0" offset="15" sl="21" sc="0" el="21" ec="0" bec="0" bev="0" fileid="1" />
                <SequencePoint vc="0" uspid="11" ordinal="0" offset="22" sl="22" sc="0" el="22" ec="0" bec="0" bev="0" fileid="1" />
              </SequencePoints>
              <BranchPoints />
            </Method>
          </Methods>
        </Class>
        <Class>
          <Summary numSequencePoints="0" visitedSequencePoints="0" numBranchPoints="0" visitedBranchPoints="0" sequenceCoverage="0" branchCoverage="0" maxCyclomaticComplexity="0" minCyclomaticComplexity="0" maxCrapScore="0" minCrapScore="0" visitedClasses="0" numClasses="0" visitedMethods="0" numMethods="0" />
          <FullName>Tests.TestFileTokenIterator</FullName>
          <Methods>
            <Method visited="true" cyclomaticComplexity="0" nPathComplexity="0" sequenceCoverage="100.0" branchCoverage="0" crapScore="0" isConstructor="false" isStatic="false" isGetter="false" isSetter="false">
              <Summary numSequencePoints="0" visitedSequencePoints="0" numBranchPoints="0" visitedBranchPoints="0" sequenceCoverage="100.0" branchCoverage="0" maxCyclomaticComplexity="0" minCyclomaticComplexity="0" maxCrapScore="0" minCrapScore="0" visitedClasses="0" numClasses="0" visitedMethods="0" numMethods="0" />
              <MetadataToken>100663299</MetadataToken>
              <Name>System.Void Tests.TestFileTokenIterator::Current_FirstToken_ReturnsNull()</Name>
              <FileRef uid="2" />
              <SequencePoints>
                <SequencePoint vc="1" uspid="12" ordinal="0" offset="0" sl="13" sc="9" el="13" ec="9" bec="0" bev="0" fileid="2" />
                <SequencePoint vc="1" uspid="13" ordinal="0" offset="1" sl="14" sc="13" el="14" ec="13" bec="0" bev="0" fileid="2" />
                <SequencePoint vc="1" uspid="14" ordinal="0" offset="21" sl="15" sc="13" el="15" ec="13" bec="0" bev="0" fileid="2" />
                <SequencePoint vc="1" uspid="15" ordinal="0" offset="33" sl="16" sc="9" el="16" ec="9" bec="0" bev="0" fileid="2" />
              </SequencePoints>
              <BranchPoints />
            </Method>
            <Method visited="true" cyclomaticComplexity="0" nPathComplexity="0" sequenceCoverage="100.0" branchCoverage="0" crapScore="0" isConstructor="false" isStatic="false" isGetter="false" isSetter="false">
              <Summary numSequencePoints="0" visitedSequencePoints="0" numBranchPoints="0" visitedBranchPoints="0" sequenceCoverage="100.0" branchCoverage="0" maxCyclomaticComplexity="0" minCyclomaticComplexity="0" maxCrapScore="0" minCrapScore="0" visitedClasses="0" numClasses="0" visitedMethods="0" numMethods="0" />
              <MetadataToken>100663300</MetadataToken>
              <Name>System.Void Tests.TestFileTokenIterator::Current_IterationFinished_ReturnsNull()</Name>
              <FileRef uid="2" />
              <SequencePoints>
                <SequencePoint vc="1" uspid="16" ordinal="0" offset="0" sl="20" sc="9" el="20" ec="9" bec="0" bev="0" fileid="2" />
                <SequencePoint vc="1" uspid="17" ordinal="0" offset="1" sl="21" sc="13" el="21" ec="13" bec="0" bev="0" fileid="2" />
                <SequencePoint vc="1" uspid="18" ordinal="0" offset="21" sl="22" sc="13" el="22" ec="13" bec="0" bev="0" fileid="2" />
                <SequencePoint vc="1" uspid="19" ordinal="0" offset="38" sl="23" sc="13" el="23" ec="13" bec="0" bev="0" fileid="2" />
                <SequencePoint vc="1" uspid="20" ordinal="0" offset="50" sl="24" sc="13" el="24" ec="13" bec="0" bev="0" fileid="2" />
                <SequencePoint vc="1" uspid="21" ordinal="0" offset="62" sl="25" sc="9" el="25" ec="9" bec="0" bev="0" fileid="2" />
              </SequencePoints>
              <BranchPoints />
            </Method>
            <Method visited="true" cyclomaticComplexity="0" nPathComplexity="0" sequenceCoverage="100.0" branchCoverage="0" crapScore="0" isConstructor="false" isStatic="false" isGetter="false" isSetter="false">
              <Summary numSequencePoints="0" visitedSequencePoints="0" numBranchPoints="0" visitedBranchPoints="0" sequenceCoverage="100.0" branchCoverage="0" maxCyclomaticComplexity="0" minCyclomaticComplexity="0" maxCrapScore="0" minCrapScore="0" visitedClasses="0" numClasses="0" visitedMethods="0" numMethods="0" />
              <MetadataToken>100663301</MetadataToken>
              <Name>System.Void Tests.TestFileTokenIterator::Current_ValidToken_ReturnsToken()</Name>
              <FileRef uid="2" />
              <SequencePoints>
                <SequencePoint vc="1" uspid="22" ordinal="0" offset="0" sl="29" sc="9" el="29" ec="9" bec="0" bev="0" fileid="2" />
                <SequencePoint vc="1" uspid="23" ordinal="0" offset="1" sl="30" sc="13" el="30" ec="13" bec="0" bev="0" fileid="2" />
                <SequencePoint vc="1" uspid="24" ordinal="0" offset="21" sl="31" sc="13" el="31" ec="13" bec="0" bev="0" fileid="2" />
                <SequencePoint vc="1" uspid="25" ordinal="0" offset="38" sl="32" sc="13" el="32" ec="13" bec="0" bev="0" fileid="2" />
                <SequencePoint vc="1" uspid="26" ordinal="0" offset="55" sl="33" sc="9" el="33" ec="9" bec="0" bev="0" fileid="2" />
              </SequencePoints>
              <BranchPoints />
            </Method>
            <Method visited="true" cyclomaticComplexity="0" nPathComplexity="0" sequenceCoverage="100.0" branchCoverage="0" crapScore="0" isConstructor="false" isStatic="false" isGetter="false" isSetter="false">
              <Summary numSequencePoints="0" visitedSequencePoints="0" numBranchPoints="0" visitedBranchPoints="0" sequenceCoverage="100.0" branchCoverage="0" maxCyclomaticComplexity="0" minCyclomaticComplexity="0" maxCrapScore="0" minCrapScore="0" visitedClasses="0" numClasses="0" visitedMethods="0" numMethods="0" />
              <MetadataToken>100663302</MetadataToken>
              <Name>System.Void Tests.TestFileTokenIterator::HasNext_ContainsNext_ReturnsTrue()</Name>
              <FileRef uid="2" />
              <SequencePoints>
                <SequencePoint vc="1" uspid="27" ordinal="0" offset="0" sl="37" sc="9" el="37" ec="9" bec="0" bev="0" fileid="2" />
                <SequencePoint vc="1" uspid="28" ordinal="0" offset="1" sl="38" sc="13" el="38" ec="13" bec="0" bev="0" fileid="2" />
                <SequencePoint vc="1" uspid="29" ordinal="0" offset="21" sl="39" sc="13" el="39" ec="13" bec="0" bev="0" fileid="2" />
                <SequencePoint vc="1" uspid="30" ordinal="0" offset="33" sl="40" sc="9" el="40" ec="9" bec="0" bev="0" fileid="2" />
              </SequencePoints>
              <BranchPoints />
            </Method>
            <Method visited="true" cyclomaticComplexity="0" nPathComplexity="0" sequenceCoverage="100.0" branchCoverage="0" crapScore="0" isConstructor="false" isStatic="false" isGetter="false" isSetter="false">
              <Summary numSequencePoints="0" visitedSequencePoints="0" numBranchPoints="0" visitedBranchPoints="0" sequenceCoverage="100.0" branchCoverage="0" maxCyclomaticComplexity="0" minCyclomaticComplexity="0" maxCrapScore="0" minCrapScore="0" visitedClasses="0" numClasses="0" visitedMethods="0" numMethods="0" />
              <MetadataToken>100663303</MetadataToken>
              <Name>System.Void Tests.TestFileTokenIterator::HasNext_DoesNotContainNext_ReturnsFalse()</Name>
              <FileRef uid="2" />
              <SequencePoints>
                <SequencePoint vc="1" uspid="31" ordinal="0" offset="0" sl="44" sc="9" el="44" ec="9" bec="0" bev="0" fileid="2" />
                <SequencePoint vc="1" uspid="32" ordinal="0" offset="1" sl="45" sc="13" el="45" ec="13" bec="0" bev="0" fileid="2" />
                <SequencePoint vc="1" uspid="33" ordinal="0" offset="21" sl="46" sc="13" el="46" ec="13" bec="0" bev="0" fileid="2" />
                <SequencePoint vc="1" uspid="34" ordinal="0" offset="33" sl="47" sc="9" el="47" ec="9" bec="0" bev="0" fileid="2" />
              </SequencePoints>
              <BranchPoints />
            </Method>
            <Method visited="true" cyclomaticComplexity="0" nPathComplexity="0" sequenceCoverage="100.0" branchCoverage="0" crapScore="0" isConstructor="false" isStatic="false" isGetter="false" isSetter="false">
              <Summary numSequencePoints="0" visitedSequencePoints="0" numBranchPoints="0" visitedBranchPoints="0" sequenceCoverage="100.0" branchCoverage="0" maxCyclomaticComplexity="0" minCyclomaticComplexity="0" maxCrapScore="0" minCrapScore="0" visitedClasses="0" numClasses="0" visitedMethods="0" numMethods="0" />
              <MetadataToken>100663304</MetadataToken>
              <Name>System.Void Tests.TestFileTokenIterator::PeekNext_ValidToken_ReturnsToken()</Name>
              <FileRef uid="2" />
              <SequencePoints>
                <SequencePoint vc="1" uspid="35" ordinal="0" offset="0" sl="51" sc="9" el="51" ec="9" bec="0" bev="0" fileid="2" />
                <SequencePoint vc="1" uspid="36" ordinal="0" offset="1" sl="52" sc="13" el="52" ec="13" bec="0" bev="0" fileid="2" />
                <SequencePoint vc="1" uspid="37" ordinal="0" offset="29" sl="53" sc="13" el="53" ec="13" bec="0" bev="0" fileid="2" />
                <SequencePoint vc="1" uspid="38" ordinal="0" offset="46" sl="54" sc="13" el="54" ec="13" bec="0" bev="0" fileid="2" />
                <SequencePoint vc="1" uspid="39" ordinal="0" offset="63" sl="55" sc="13" el="55" ec="13" bec="0" bev="0" fileid="2" />
                <SequencePoint vc="1" uspid="40" ordinal="0" offset="80" sl="56" sc="13" el="56" ec="13" bec="0" bev="0" fileid="2" />
                <SequencePoint vc="1" uspid="41" ordinal="0" offset="97" sl="57" sc="9" el="57" ec="9" bec="0" bev="0" fileid="2" />
              </SequencePoints>
              <BranchPoints />
            </Method>
            <Method visited="true" cyclomaticComplexity="0" nPathComplexity="0" sequenceCoverage="100.0" branchCoverage="0" crapScore="0" isConstructor="false" isStatic="false" isGetter="false" isSetter="false">
              <Summary numSequencePoints="0" visitedSequencePoints="0" numBranchPoints="0" visitedBranchPoints="0" sequenceCoverage="100.0" branchCoverage="0" maxCyclomaticComplexity="0" minCyclomaticComplexity="0" maxCrapScore="0" minCrapScore="0" visitedClasses="0" numClasses="0" visitedMethods="0" numMethods="0" />
              <MetadataToken>100663305</MetadataToken>
              <Name>System.Void Tests.TestFileTokenIterator::PeekNext_IterationFinished_ReturnsNull()</Name>
              <FileRef uid="2" />
              <SequencePoints>
                <SequencePoint vc="1" uspid="42" ordinal="0" offset="0" sl="61" sc="9" el="61" ec="9" bec="0" bev="0" fileid="2" />
                <SequencePoint vc="1" uspid="43" ordinal="0" offset="1" sl="62" sc="13" el="62" ec="13" bec="0" bev="0" fileid="2" />
                <SequencePoint vc="1" uspid="44" ordinal="0" offset="21" sl="63" sc="13" el="63" ec="13" bec="0" bev="0" fileid="2" />
                <SequencePoint vc="1" uspid="45" ordinal="0" offset="38" sl="64" sc="13" el="64" ec="13" bec="0" bev="0" fileid="2" />
                <SequencePoint vc="1" uspid="46" ordinal="0" offset="55" sl="65" sc="13" el="65" ec="13" bec="0" bev="0" fileid="2" />
                <SequencePoint vc="1" uspid="47" ordinal="0" offset="67" sl="66" sc="13" el="66" ec="13" bec="0" bev="0" fileid="2" />
                <SequencePoint vc="1" uspid="48" ordinal="0" offset="79" sl="67" sc="9" el="67" ec="9" bec="0" bev="0" fileid="2" />
              </SequencePoints>
              <BranchPoints />
            </Method>
            <Method visited="true" cyclomaticComplexity="0" nPathComplexity="0" sequenceCoverage="100.0" branchCoverage="0" crapScore="0" isConstructor="false" isStatic="false" isGetter="false" isSetter="false">
              <Summary numSequencePoints="0" visitedSequencePoints="0" numBranchPoints="0" visitedBranchPoints="0" sequenceCoverage="100.0" branchCoverage="0" maxCyclomaticComplexity="0" minCyclomaticComplexity="0" maxCrapScore="0" minCrapScore="0" visitedClasses="0" numClasses="0" visitedMethods="0" numMethods="0" />
              <MetadataToken>100663306</MetadataToken>
              <Name>System.Void Tests.TestFileTokenIterator::Next_ContainsTokens_ReturnsAllTokens()</Name>
              <FileRef uid="2" />
              <SequencePoints>
                <SequencePoint vc="1" uspid="49" ordinal="0" offset="0" sl="71" sc="9" el="71" ec="9" bec="0" bev="0" fileid="2" />
                <SequencePoint vc="1" uspid="50" ordinal="0" offset="1" sl="72" sc="13" el="72" ec="13" bec="0" bev="0" fileid="2" />
                <SequencePoint vc="1" uspid="51" ordinal="0" offset="29" sl="73" sc="13" el="73" ec="13" bec="0" bev="0" fileid="2" />
                <SequencePoint vc="1" uspid="52" ordinal="0" offset="46" sl="74" sc="13" el="74" ec="13" bec="0" bev="0" fileid="2" />
                <SequencePoint vc="1" uspid="53" ordinal="0" offset="63" sl="75" sc="13" el="75" ec="13" bec="0" bev="0" fileid="2" />
                <SequencePoint vc="1" uspid="54" ordinal="0" offset="80" sl="76" sc="13" el="76" ec="13" bec="0" bev="0" fileid="2" />
                <SequencePoint vc="1" uspid="55" ordinal="0" offset="97" sl="77" sc="9" el="77" ec="9" bec="0" bev="0" fileid="2" />
              </SequencePoints>
              <BranchPoints />
            </Method>
            <Method visited="true" cyclomaticComplexity="0" nPathComplexity="0" sequenceCoverage="100.0" branchCoverage="0" crapScore="0" isConstructor="false" isStatic="false" isGetter="false" isSetter="false">
              <Summary numSequencePoints="0" visitedSequencePoints="0" numBranchPoints="0" visitedBranchPoints="0" sequenceCoverage="100.0" branchCoverage="0" maxCyclomaticComplexity="0" minCyclomaticComplexity="0" maxCrapScore="0" minCrapScore="0" visitedClasses="0" numClasses="0" visitedMethods="0" numMethods="0" />
              <MetadataToken>100663307</MetadataToken>
              <Name>System.Void Tests.TestFileTokenIterator::Next_ContainsNoTokens_ReturnsNull()</Name>
              <FileRef uid="2" />
              <SequencePoints>
                <SequencePoint vc="1" uspid="56" ordinal="0" offset="0" sl="81" sc="9" el="81" ec="9" bec="0" bev="0" fileid="2" />
                <SequencePoint vc="1" uspid="57" ordinal="0" offset="1" sl="82" sc="13" el="82" ec="13" bec="0" bev="0" fileid="2" />
                <SequencePoint vc="1" uspid="58" ordinal="0" offset="21" sl="83" sc="13" el="83" ec="13" bec="0" bev="0" fileid="2" />
                <SequencePoint vc="1" uspid="59" ordinal="0" offset="33" sl="84" sc="9" el="84" ec="9" bec="0" bev="0" fileid="2" />
              </SequencePoints>
              <BranchPoints />
            </Method>
            <Method visited="true" cyclomaticComplexity="0" nPathComplexity="0" sequenceCoverage="100.0" branchCoverage="0" crapScore="0" isConstructor="false" isStatic="false" isGetter="false" isSetter="false">
              <Summary numSequencePoints="0" visitedSequencePoints="0" numBranchPoints="0" visitedBranchPoints="0" sequenceCoverage="100.0" branchCoverage="0" maxCyclomaticComplexity="0" minCyclomaticComplexity="0" maxCrapScore="0" minCrapScore="0" visitedClasses="0" numClasses="0" visitedMethods="0" numMethods="0" />
              <MetadataToken>100663308</MetadataToken>
              <Name>System.Void Tests.TestFileTokenIterator::GetCurrentLine_HasLines_ReturnsCurrentLine()</Name>
              <FileRef uid="2" />
              <SequencePoints>
                <SequencePoint vc="1" uspid="60" ordinal="0" offset="0" sl="88" sc="9" el="88" ec="9" bec="0" bev="0" fileid="2" />
                <SequencePoint vc="1" uspid="61" ordinal="0" offset="1" sl="89" sc="13" el="89" ec="13" bec="0" bev="0" fileid="2" />
                <SequencePoint vc="1" uspid="62" ordinal="0" offset="37" sl="90" sc="13" el="90" ec="13" bec="0" bev="0" fileid="2" />
                <SequencePoint vc="1" uspid="63" ordinal="0" offset="44" sl="91" sc="13" el="91" ec="13" bec="0" bev="0" fileid="2" />
                <SequencePoint vc="1" uspid="64" ordinal="0" offset="67" sl="92" sc="13" el="92" ec="13" bec="0" bev="0" fileid="2" />
                <SequencePoint vc="1" uspid="65" ordinal="0" offset="74" sl="93" sc="13" el="93" ec="13" bec="0" bev="0" fileid="2" />
                <SequencePoint vc="1" uspid="66" ordinal="0" offset="97" sl="94" sc="13" el="94" ec="13" bec="0" bev="0" fileid="2" />
                <SequencePoint vc="1" uspid="67" ordinal="0" offset="104" sl="95" sc="13" el="95" ec="13" bec="0" bev="0" fileid="2" />
                <SequencePoint vc="1" uspid="68" ordinal="0" offset="127" sl="96" sc="13" el="96" ec="13" bec="0" bev="0" fileid="2" />
                <SequencePoint vc="1" uspid="69" ordinal="0" offset="134" sl="97" sc="13" el="97" ec="13" bec="0" bev="0" fileid="2" />
                <SequencePoint vc="1" uspid="70" ordinal="0" offset="157" sl="98" sc="13" el="98" ec="13" bec="0" bev="0" fileid="2" />
                <SequencePoint vc="1" uspid="71" ordinal="0" offset="164" sl="99" sc="13" el="99" ec="13" bec="0" bev="0" fileid="2" />
                <SequencePoint vc="1" uspid="72" ordinal="0" offset="187" sl="100" sc="9" el="100" ec="9" bec="0" bev="0" fileid="2" />
              </SequencePoints>
              <BranchPoints />
            </Method>
            <Method visited="true" cyclomaticComplexity="0" nPathComplexity="0" sequenceCoverage="100.0" branchCoverage="0" crapScore="0" isConstructor="false" isStatic="false" isGetter="false" isSetter="false">
              <Summary numSequencePoints="0" visitedSequencePoints="0" numBranchPoints="0" visitedBranchPoints="0" sequenceCoverage="100.0" branchCoverage="0" maxCyclomaticComplexity="0" minCyclomaticComplexity="0" maxCrapScore="0" minCrapScore="0" visitedClasses="0" numClasses="0" visitedMethods="0" numMethods="0" />
              <MetadataToken>100663309</MetadataToken>
              <Name>System.Void Tests.TestFileTokenIterator::MakeFileTokenIteratorForCurrentObject_ValidInput_ReturnsIterator()</Name>
              <FileRef uid="2" />
              <SequencePoints>
                <SequencePoint vc="1" uspid="73" ordinal="0" offset="0" sl="105" sc="9" el="105" ec="9" bec="0" bev="0" fileid="2" />
                <SequencePoint vc="1" uspid="74" ordinal="0" offset="1" sl="106" sc="13" el="106" ec="13" bec="0" bev="0" fileid="2" />
                <SequencePoint vc="1" uspid="75" ordinal="0" offset="16" sl="107" sc="13" el="107" ec="13" bec="0" bev="0" fileid="2" />
                <SequencePoint vc="1" uspid="76" ordinal="0" offset="45" sl="108" sc="13" el="108" ec="13" bec="0" bev="0" fileid="2" />
                <SequencePoint vc="1" uspid="77" ordinal="0" offset="77" sl="110" sc="13" el="110" ec="13" bec="0" bev="0" fileid="2" />
                <SequencePoint vc="1" uspid="78" ordinal="0" offset="90" sl="111" sc="13" el="111" ec="13" bec="0" bev="0" fileid="2" />
                <SequencePoint vc="1" uspid="79" ordinal="0" offset="97" sl="112" sc="13" el="112" ec="13" bec="0" bev="0" fileid="2" />
                <SequencePoint vc="1" uspid="80" ordinal="0" offset="120" sl="114" sc="13" el="114" ec="13" bec="0" bev="0" fileid="2" />
                <SequencePoint vc="1" uspid="81" ordinal="0" offset="130" sl="115" sc="13" el="115" ec="13" bec="0" bev="0" fileid="2" />
                <SequencePoint vc="1" uspid="82" ordinal="0" offset="138" sl="117" sc="13" el="117" ec="13" bec="0" bev="0" fileid="2" />
                <SequencePoint vc="1" uspid="83" ordinal="0" offset="140" sl="126" sc="9" el="126" ec="9" bec="0" bev="0" fileid="2" />
              </SequencePoints>
              <BranchPoints />
            </Method>
            <Method visited="true" cyclomaticComplexity="0" nPathComplexity="0" sequenceCoverage="63.6" branchCoverage="0" crapScore="0" isConstructor="false" isStatic="false" isGetter="false" isSetter="false">
              <Summary numSequencePoints="0" visitedSequencePoints="0" numBranchPoints="0" visitedBranchPoints="0" sequenceCoverage="63.6" branchCoverage="0" maxCyclomaticComplexity="0" minCyclomaticComplexity="0" maxCrapScore="0" minCrapScore="0" visitedClasses="0" numClasses="0" visitedMethods="0" numMethods="0" />
              <MetadataToken>100663310</MetadataToken>
              <Name>System.Void Tests.TestFileTokenIterator::MakeFileTokenIteratorForCurrentObject_InvalidInput_Throws()</Name>
              <FileRef uid="2" />
              <SequencePoints>
                <SequencePoint vc="1" uspid="84" ordinal="0" offset="0" sl="130" sc="9" el="130" ec="9" bec="0" bev="0" fileid="2" />
                <SequencePoint vc="1" uspid="85" ordinal="0" offset="1" sl="131" sc="13" el="131" ec="13" bec="0" bev="0" fileid="2" />
                <SequencePoint vc="1" uspid="86" ordinal="0" offset="16" sl="133" sc="13" el="133" ec="13" bec="0" bev="0" fileid="2" />
                <SequencePoint vc="1" uspid="87" ordinal="0" offset="17" sl="134" sc="17" el="134" ec="17" bec="0" bev="0" fileid="2" />
                <SequencePoint vc="0" uspid="88" ordinal="0" offset="39" sl="135" sc="17" el="135" ec="17" bec="0" bev="0" fileid="2" />
                <SequencePoint vc="0" uspid="89" ordinal="0" offset="45" sl="136" sc="13" el="136" ec="13" bec="0" bev="0" fileid="2" />
                <SequencePoint vc="1" uspid="90" ordinal="0" offset="48" sl="137" sc="13" el="137" ec="13" bec="0" bev="0" fileid="2" />
                <SequencePoint vc="1" uspid="91" ordinal="0" offset="49" sl="138" sc="13" el="138" ec="13" bec="0" bev="0" fileid="2" />
                <SequencePoint vc="1" uspid="92" ordinal="0" offset="50" sl="139" sc="17" el="139" ec="17" bec="0" bev="0" fileid="2" />
                <SequencePoint vc="0" uspid="93" ordinal="0" offset="56" sl="140" sc="13" el="140" ec="13" bec="0" bev="0" fileid="2" />
                <SequencePoint vc="0" uspid="94" ordinal="0" offset="59" sl="141" sc="9" el="141" ec="9" bec="0" bev="0" fileid="2" />
              </SequencePoints>
              <BranchPoints />
            </Method>
            <Method visited="true" cyclomaticComplexity="0" nPathComplexity="0" sequenceCoverage="100.0" branchCoverage="0" crapScore="0" isConstructor="false" isStatic="false" isGetter="false" isSetter="false">
              <Summary numSequencePoints="0" visitedSequencePoints="0" numBranchPoints="0" visitedBranchPoints="0" sequenceCoverage="100.0" branchCoverage="0" maxCyclomaticComplexity="0" minCyclomaticComplexity="0" maxCrapScore="0" minCrapScore="0" visitedClasses="0" numClasses="0" visitedMethods="0" numMethods="0" />
              <MetadataToken>100663311</MetadataToken>
              <Name>System.Void Tests.TestFileTokenIterator::MakeFileTokenIteratorForCurrentList_ValidInput_ReturnsIterator()</Name>
              <FileRef uid="2" />
              <SequencePoints>
                <SequencePoint vc="1" uspid="95" ordinal="0" offset="0" sl="146" sc="9" el="146" ec="9" bec="0" bev="0" fileid="2" />
                <SequencePoint vc="1" uspid="96" ordinal="0" offset="1" sl="147" sc="13" el="147" ec="13" bec="0" bev="0" fileid="2" />
                <SequencePoint vc="1" uspid="97" ordinal="0" offset="16" sl="148" sc="13" el="148" ec="13" bec="0" bev="0" fileid="2" />
                <SequencePoint vc="1" uspid="98" ordinal="0" offset="45" sl="149" sc="13" el="149" ec="13" bec="0" bev="0" fileid="2" />
                <SequencePoint vc="1" uspid="99" ordinal="0" offset="77" sl="151" sc="13" el="151" ec="13" bec="0" bev="0" fileid="2" />
                <SequencePoint vc="1" uspid="100" ordinal="0" offset="90" sl="152" sc="13" el="152" ec="13" bec="0" bev="0" fileid="2" />
                <SequencePoint vc="1" uspid="101" ordinal="0" offset="97" sl="153" sc="13" el="153" ec="13" bec="0" bev="0" fileid="2" />
                <SequencePoint vc="1" uspid="102" ordinal="0" offset="120" sl="155" sc="13" el="155" ec="13" bec="0" bev="0" fileid="2" />
                <SequencePoint vc="1" uspid="103" ordinal="0" offset="130" sl="156" sc="13" el="156" ec="13" bec="0" bev="0" fileid="2" />
                <SequencePoint vc="1" uspid="104" ordinal="0" offset="138" sl="158" sc="13" el="158" ec="13" bec="0" bev="0" fileid="2" />
                <SequencePoint vc="1" uspid="105" ordinal="0" offset="140" sl="167" sc="9" el="167" ec="9" bec="0" bev="0" fileid="2" />
              </SequencePoints>
              <BranchPoints />
            </Method>
            <Method visited="true" cyclomaticComplexity="0" nPathComplexity="0" sequenceCoverage="63.6" branchCoverage="0" crapScore="0" isConstructor="false" isStatic="false" isGetter="false" isSetter="false">
              <Summary numSequencePoints="0" visitedSequencePoints="0" numBranchPoints="0" visitedBranchPoints="0" sequenceCoverage="63.6" branchCoverage="0" maxCyclomaticComplexity="0" minCyclomaticComplexity="0" maxCrapScore="0" minCrapScore="0" visitedClasses="0" numClasses="0" visitedMethods="0" numMethods="0" />
              <MetadataToken>100663312</MetadataToken>
              <Name>System.Void Tests.TestFileTokenIterator::MakeFileTokenIteratorForCurrentList_InvalidInput_Throws()</Name>
              <FileRef uid="2" />
              <SequencePoints>
                <SequencePoint vc="1" uspid="106" ordinal="0" offset="0" sl="171" sc="9" el="171" ec="9" bec="0" bev="0" fileid="2" />
                <SequencePoint vc="1" uspid="107" ordinal="0" offset="1" sl="172" sc="13" el="172" ec="13" bec="0" bev="0" fileid="2" />
                <SequencePoint vc="1" uspid="108" ordinal="0" offset="16" sl="174" sc="13" el="174" ec="13" bec="0" bev="0" fileid="2" />
                <SequencePoint vc="1" uspid="109" ordinal="0" offset="17" sl="175" sc="17" el="175" ec="17" bec="0" bev="0" fileid="2" />
                <SequencePoint vc="0" uspid="110" ordinal="0" offset="39" sl="176" sc="17" el="176" ec="17" bec="0" bev="0" fileid="2" />
                <SequencePoint vc="0" uspid="111" ordinal="0" offset="45" sl="177" sc="13" el="177" ec="13" bec="0" bev="0" fileid="2" />
                <SequencePoint vc="1" uspid="112" ordinal="0" offset="48" sl="178" sc="13" el="178" ec="13" bec="0" bev="0" fileid="2" />
                <SequencePoint vc="1" uspid="113" ordinal="0" offset="49" sl="179" sc="13" el="179" ec="13" bec="0" bev="0" fileid="2" />
                <SequencePoint vc="1" uspid="114" ordinal="0" offset="50" sl="180" sc="17" el="180" ec="17" bec="0" bev="0" fileid="2" />
                <SequencePoint vc="0" uspid="115" ordinal="0" offset="56" sl="181" sc="13" el="181" ec="13" bec="0" bev="0" fileid="2" />
                <SequencePoint vc="0" uspid="116" ordinal="0" offset="59" sl="182" sc="9" el="182" ec="9" bec="0" bev="0" fileid="2" />
              </SequencePoints>
              <BranchPoints />
            </Method>
            <Method visited="true" cyclomaticComplexity="0" nPathComplexity="0" sequenceCoverage="100.0" branchCoverage="0" crapScore="0" isConstructor="false" isStatic="false" isGetter="false" isSetter="false">
              <Summary numSequencePoints="0" visitedSequencePoints="0" numBranchPoints="0" visitedBranchPoints="0" sequenceCoverage="100.0" branchCoverage="0" maxCyclomaticComplexity="0" minCyclomaticComplexity="0" maxCrapScore="0" minCrapScore="0" visitedClasses="0" numClasses="0" visitedMethods="0" numMethods="0" />
              <MetadataToken>100663313</MetadataToken>
              <Name>System.Void Tests.TestFileTokenIterator::MakeFileTokenIteratorForCurrentPrimitive_ValidInput_ReturnsIterator()</Name>
              <FileRef uid="2" />
              <SequencePoints>
                <SequencePoint vc="1" uspid="117" ordinal="0" offset="0" sl="187" sc="9" el="187" ec="9" bec="0" bev="0" fileid="2" />
                <SequencePoint vc="1" uspid="118" ordinal="0" offset="1" sl="188" sc="13" el="188" ec="13" bec="0" bev="0" fileid="2" />
                <SequencePoint vc="1" uspid="119" ordinal="0" offset="16" sl="189" sc="13" el="189" ec="13" bec="0" bev="0" fileid="2" />
                <SequencePoint vc="1" uspid="120" ordinal="0" offset="45" sl="190" sc="13" el="190" ec="13" bec="0" bev="0" fileid="2" />
                <SequencePoint vc="1" uspid="121" ordinal="0" offset="77" sl="192" sc="13" el="192" ec="13" bec="0" bev="0" fileid="2" />
                <SequencePoint vc="1" uspid="122" ordinal="0" offset="90" sl="193" sc="13" el="193" ec="13" bec="0" bev="0" fileid="2" />
                <SequencePoint vc="1" uspid="123" ordinal="0" offset="97" sl="194" sc="13" el="194" ec="13" bec="0" bev="0" fileid="2" />
                <SequencePoint vc="1" uspid="124" ordinal="0" offset="120" sl="196" sc="13" el="196" ec="13" bec="0" bev="0" fileid="2" />
                <SequencePoint vc="1" uspid="125" ordinal="0" offset="130" sl="197" sc="13" el="197" ec="13" bec="0" bev="0" fileid="2" />
                <SequencePoint vc="1" uspid="126" ordinal="0" offset="138" sl="199" sc="13" el="199" ec="13" bec="0" bev="0" fileid="2" />
                <SequencePoint vc="1" uspid="127" ordinal="0" offset="140" sl="208" sc="9" el="208" ec="9" bec="0" bev="0" fileid="2" />
              </SequencePoints>
              <BranchPoints />
            </Method>
            <Method visited="true" cyclomaticComplexity="0" nPathComplexity="0" sequenceCoverage="63.6" branchCoverage="0" crapScore="0" isConstructor="false" isStatic="false" isGetter="false" isSetter="false">
              <Summary numSequencePoints="0" visitedSequencePoints="0" numBranchPoints="0" visitedBranchPoints="0" sequenceCoverage="63.6" branchCoverage="0" maxCyclomaticComplexity="0" minCyclomaticComplexity="0" maxCrapScore="0" minCrapScore="0" visitedClasses="0" numClasses="0" visitedMethods="0" numMethods="0" />
              <MetadataToken>100663314</MetadataToken>
              <Name>System.Void Tests.TestFileTokenIterator::MakeFileTokenIteratorForCurrentPrimitive_InvalidInput_Throws()</Name>
              <FileRef uid="2" />
              <SequencePoints>
                <SequencePoint vc="1" uspid="128" ordinal="0" offset="0" sl="212" sc="9" el="212" ec="9" bec="0" bev="0" fileid="2" />
                <SequencePoint vc="1" uspid="129" ordinal="0" offset="1" sl="213" sc="13" el="213" ec="13" bec="0" bev="0" fileid="2" />
                <SequencePoint vc="1" uspid="130" ordinal="0" offset="16" sl="215" sc="13" el="215" ec="13" bec="0" bev="0" fileid="2" />
                <SequencePoint vc="1" uspid="131" ordinal="0" offset="17" sl="216" sc="17" el="216" ec="17" bec="0" bev="0" fileid="2" />
                <SequencePoint vc="0" uspid="132" ordinal="0" offset="39" sl="217" sc="17" el="217" ec="17" bec="0" bev="0" fileid="2" />
                <SequencePoint vc="0" uspid="133" ordinal="0" offset="45" sl="218" sc="13" el="218" ec="13" bec="0" bev="0" fileid="2" />
                <SequencePoint vc="1" uspid="134" ordinal="0" offset="48" sl="219" sc="13" el="219" ec="13" bec="0" bev="0" fileid="2" />
                <SequencePoint vc="1" uspid="135" ordinal="0" offset="49" sl="220" sc="13" el="220" ec="13" bec="0" bev="0" fileid="2" />
                <SequencePoint vc="1" uspid="136" ordinal="0" offset="50" sl="221" sc="17" el="221" ec="17" bec="0" bev="0" fileid="2" />
                <SequencePoint vc="0" uspid="137" ordinal="0" offset="56" sl="222" sc="13" el="222" ec="13" bec="0" bev="0" fileid="2" />
                <SequencePoint vc="0" uspid="138" ordinal="0" offset="59" sl="223" sc="9" el="223" ec="9" bec="0" bev="0" fileid="2" />
              </SequencePoints>
              <BranchPoints />
            </Method>
            <Method visited="true" cyclomaticComplexity="0" nPathComplexity="0" sequenceCoverage="100.0" branchCoverage="0" crapScore="0" isConstructor="false" isStatic="true" isGetter="false" isSetter="false">
              <Summary numSequencePoints="0" visitedSequencePoints="0" numBranchPoints="0" visitedBranchPoints="0" sequenceCoverage="100.0" branchCoverage="0" maxCyclomaticComplexity="0" minCyclomaticComplexity="0" maxCrapScore="0" minCrapScore="0" visitedClasses="0" numClasses="0" visitedMethods="0" numMethods="0" />
              <MetadataToken>100663316</MetadataToken>
              <Name>static System.Void Tests.TestFileTokenIterator::&lt;MakeFileTokenIteratorForCurrentObject_ValidInput_ReturnsIterator&gt;g__AssertAfterObjectStringIsCorrect|10_0(Tests.TestFileTokenIterator/&lt;&gt;c__DisplayClass10_0&amp;)</Name>
              <FileRef uid="2" />
              <SequencePoints>
                <SequencePoint vc="1" uspid="139" ordinal="0" offset="0" sl="120" sc="13" el="120" ec="13" bec="0" bev="0" fileid="2" />
                <SequencePoint vc="1" uspid="140" ordinal="0" offset="1" sl="121" sc="17" el="121" ec="17" bec="0" bev="0" fileid="2" />
                <SequencePoint vc="1" uspid="141" ordinal="0" offset="2" sl="121" sc="53" el="121" ec="53" bec="0" bev="0" fileid="2" />
                <SequencePoint vc="2" uspid="142" ordinal="0" offset="13" sl="121" sc="26" el="121" ec="26" bec="0" bev="0" fileid="2" />
                <SequencePoint vc="2" uspid="143" ordinal="0" offset="17" sl="122" sc="17" el="122" ec="17" bec="0" bev="0" fileid="2" />
                <SequencePoint vc="2" uspid="144" ordinal="0" offset="18" sl="123" sc="21" el="123" ec="21" bec="0" bev="0" fileid="2" />
                <SequencePoint vc="2" uspid="145" ordinal="0" offset="36" sl="124" sc="17" el="124" ec="17" bec="0" bev="0" fileid="2" />
                <SequencePoint vc="3" uspid="146" ordinal="0" offset="41" sl="121" sc="50" el="121" ec="50" bec="0" bev="0" fileid="2" />
                <SequencePoint vc="1" uspid="147" ordinal="0" offset="47" sl="125" sc="13" el="125" ec="13" bec="0" bev="0" fileid="2" />
              </SequencePoints>
              <BranchPoints />
            </Method>
            <Method visited="true" cyclomaticComplexity="0" nPathComplexity="0" sequenceCoverage="100.0" branchCoverage="0" crapScore="0" isConstructor="false" isStatic="true" isGetter="false" isSetter="false">
              <Summary numSequencePoints="0" visitedSequencePoints="0" numBranchPoints="0" visitedBranchPoints="0" sequenceCoverage="100.0" branchCoverage="0" maxCyclomaticComplexity="0" minCyclomaticComplexity="0" maxCrapScore="0" minCrapScore="0" visitedClasses="0" numClasses="0" visitedMethods="0" numMethods="0" />
              <MetadataToken>100663317</MetadataToken>
              <Name>static System.Void Tests.TestFileTokenIterator::&lt;MakeFileTokenIteratorForCurrentList_ValidInput_ReturnsIterator&gt;g__AssertAfterListStringIsCorrect|12_0(Tests.TestFileTokenIterator/&lt;&gt;c__DisplayClass12_0&amp;)</Name>
              <FileRef uid="2" />
              <SequencePoints>
                <SequencePoint vc="1" uspid="148" ordinal="0" offset="0" sl="161" sc="13" el="161" ec="13" bec="0" bev="0" fileid="2" />
                <SequencePoint vc="1" uspid="149" ordinal="0" offset="1" sl="162" sc="17" el="162" ec="17" bec="0" bev="0" fileid="2" />
                <SequencePoint vc="1" uspid="150" ordinal="0" offset="2" sl="162" sc="51" el="162" ec="51" bec="0" bev="0" fileid="2" />
                <SequencePoint vc="2" uspid="151" ordinal="0" offset="13" sl="162" sc="26" el="162" ec="26" bec="0" bev="0" fileid="2" />
                <SequencePoint vc="2" uspid="152" ordinal="0" offset="17" sl="163" sc="17" el="163" ec="17" bec="0" bev="0" fileid="2" />
                <SequencePoint vc="2" uspid="153" ordinal="0" offset="18" sl="164" sc="21" el="164" ec="21" bec="0" bev="0" fileid="2" />
                <SequencePoint vc="2" uspid="154" ordinal="0" offset="36" sl="165" sc="17" el="165" ec="17" bec="0" bev="0" fileid="2" />
                <SequencePoint vc="3" uspid="155" ordinal="0" offset="41" sl="162" sc="48" el="162" ec="48" bec="0" bev="0" fileid="2" />
                <SequencePoint vc="1" uspid="156" ordinal="0" offset="47" sl="166" sc="13" el="166" ec="13" bec="0" bev="0" fileid="2" />
              </SequencePoints>
              <BranchPoints />
            </Method>
            <Method visited="true" cyclomaticComplexity="0" nPathComplexity="0" sequenceCoverage="100.0" branchCoverage="0" crapScore="0" isConstructor="false" isStatic="true" isGetter="false" isSetter="false">
              <Summary numSequencePoints="0" visitedSequencePoints="0" numBranchPoints="0" visitedBranchPoints="0" sequenceCoverage="100.0" branchCoverage="0" maxCyclomaticComplexity="0" minCyclomaticComplexity="0" maxCrapScore="0" minCrapScore="0" visitedClasses="0" numClasses="0" visitedMethods="0" numMethods="0" />
              <MetadataToken>100663318</MetadataToken>
              <Name>static System.Void Tests.TestFileTokenIterator::&lt;MakeFileTokenIteratorForCurrentPrimitive_ValidInput_ReturnsIterator&gt;g__AssertAfterPrimitiveStringIsCorrect|14_0(Tests.TestFileTokenIterator/&lt;&gt;c__DisplayClass14_0&amp;)</Name>
              <FileRef uid="2" />
              <SequencePoints>
                <SequencePoint vc="1" uspid="157" ordinal="0" offset="0" sl="202" sc="13" el="202" ec="13" bec="0" bev="0" fileid="2" />
                <SequencePoint vc="1" uspid="158" ordinal="0" offset="1" sl="203" sc="17" el="203" ec="17" bec="0" bev="0" fileid="2" />
                <SequencePoint vc="1" uspid="159" ordinal="0" offset="2" sl="203" sc="56" el="203" ec="56" bec="0" bev="0" fileid="2" />
                <SequencePoint vc="2" uspid="160" ordinal="0" offset="13" sl="203" sc="26" el="203" ec="26" bec="0" bev="0" fileid="2" />
                <SequencePoint vc="2" uspid="161" ordinal="0" offset="17" sl="204" sc="17" el="204" ec="17" bec="0" bev="0" fileid="2" />
                <SequencePoint vc="2" uspid="162" ordinal="0" offset="18" sl="205" sc="21" el="205" ec="21" bec="0" bev="0" fileid="2" />
                <SequencePoint vc="2" uspid="163" ordinal="0" offset="36" sl="206" sc="17" el="206" ec="17" bec="0" bev="0" fileid="2" />
                <SequencePoint vc="3" uspid="164" ordinal="0" offset="41" sl="203" sc="53" el="203" ec="53" bec="0" bev="0" fileid="2" />
                <SequencePoint vc="1" uspid="165" ordinal="0" offset="47" sl="207" sc="13" el="207" ec="13" bec="0" bev="0" fileid="2" />
              </SequencePoints>
              <BranchPoints />
            </Method>
          </Methods>
        </Class>
        <Class>
          <Summary numSequencePoints="0" visitedSequencePoints="0" numBranchPoints="0" visitedBranchPoints="0" sequenceCoverage="0" branchCoverage="0" maxCyclomaticComplexity="0" minCyclomaticComplexity="0" maxCrapScore="0" minCrapScore="0" visitedClasses="0" numClasses="0" visitedMethods="0" numMethods="0" />
          <FullName>Tests.TestReadLists</FullName>
          <Methods>
            <Method visited="true" cyclomaticComplexity="0" nPathComplexity="0" sequenceCoverage="100.0" branchCoverage="0" crapScore="0" isConstructor="false" isStatic="false" isGetter="false" isSetter="false">
              <Summary numSequencePoints="0" visitedSequencePoints="0" numBranchPoints="0" visitedBranchPoints="0" sequenceCoverage="100.0" branchCoverage="0" maxCyclomaticComplexity="0" minCyclomaticComplexity="0" maxCrapScore="0" minCrapScore="0" visitedClasses="0" numClasses="0" visitedMethods="0" numMethods="0" />
              <MetadataToken>100663319</MetadataToken>
              <Name>System.Void Tests.TestReadLists::ReadFloatList_ValidInput_ReturnsFileTokenIterator()</Name>
              <FileRef uid="3" />
              <SequencePoints>
                <SequencePoint vc="1" uspid="166" ordinal="0" offset="0" sl="13" sc="9" el="13" ec="9" bec="0" bev="0" fileid="3" />
                <SequencePoint vc="1" uspid="167" ordinal="0" offset="1" sl="14" sc="13" el="14" ec="13" bec="0" bev="0" fileid="3" />
                <SequencePoint vc="1" uspid="168" ordinal="0" offset="77" sl="18" sc="9" el="18" ec="9" bec="0" bev="0" fileid="3" />
              </SequencePoints>
              <BranchPoints />
            </Method>
            <Method visited="true" cyclomaticComplexity="0" nPathComplexity="0" sequenceCoverage="100.0" branchCoverage="0" crapScore="0" isConstructor="false" isStatic="false" isGetter="false" isSetter="false">
              <Summary numSequencePoints="0" visitedSequencePoints="0" numBranchPoints="0" visitedBranchPoints="0" sequenceCoverage="100.0" branchCoverage="0" maxCyclomaticComplexity="0" minCyclomaticComplexity="0" maxCrapScore="0" minCrapScore="0" visitedClasses="0" numClasses="0" visitedMethods="0" numMethods="0" />
              <MetadataToken>100663320</MetadataToken>
              <Name>System.Void Tests.TestReadLists::ReadIntList_VariousValidInputs_ReturnsFileTokenIterator(.TestParams[String[],List`1])</Name>
              <FileRef uid="3" />
              <SequencePoints>
                <SequencePoint vc="4" uspid="169" ordinal="0" offset="0" sl="28" sc="9" el="28" ec="9" bec="0" bev="0" fileid="3" />
                <SequencePoint vc="4" uspid="170" ordinal="0" offset="1" sl="29" sc="13" el="29" ec="13" bec="0" bev="0" fileid="3" />
                <SequencePoint vc="4" uspid="171" ordinal="0" offset="40" sl="34" sc="9" el="34" ec="9" bec="0" bev="0" fileid="3" />
              </SequencePoints>
              <BranchPoints />
            </Method>
            <Method visited="true" cyclomaticComplexity="0" nPathComplexity="0" sequenceCoverage="60.0" branchCoverage="0" crapScore="0" isConstructor="false" isStatic="false" isGetter="false" isSetter="false">
              <Summary numSequencePoints="0" visitedSequencePoints="0" numBranchPoints="0" visitedBranchPoints="0" sequenceCoverage="60.0" branchCoverage="0" maxCyclomaticComplexity="0" minCyclomaticComplexity="0" maxCrapScore="0" minCrapScore="0" visitedClasses="0" numClasses="0" visitedMethods="0" numMethods="0" />
              <MetadataToken>100663321</MetadataToken>
              <Name>System.Void Tests.TestReadLists::ReadIntList_VariousInvalidInputs_Throws(.TestParams[String[],Unit])</Name>
              <FileRef uid="3" />
              <SequencePoints>
                <SequencePoint vc="8" uspid="172" ordinal="0" offset="0" sl="48" sc="9" el="48" ec="9" bec="0" bev="0" fileid="3" />
                <SequencePoint vc="8" uspid="173" ordinal="0" offset="1" sl="50" sc="13" el="50" ec="13" bec="0" bev="0" fileid="3" />
                <SequencePoint vc="8" uspid="174" ordinal="0" offset="2" sl="51" sc="17" el="51" ec="17" bec="0" bev="0" fileid="3" />
                <SequencePoint vc="0" uspid="175" ordinal="0" offset="24" sl="52" sc="17" el="52" ec="17" bec="0" bev="0" fileid="3" />
                <SequencePoint vc="0" uspid="176" ordinal="0" offset="36" sl="53" sc="13" el="53" ec="13" bec="0" bev="0" fileid="3" />
                <SequencePoint vc="8" uspid="177" ordinal="0" offset="39" sl="54" sc="13" el="54" ec="13" bec="0" bev="0" fileid="3" />
                <SequencePoint vc="8" uspid="178" ordinal="0" offset="40" sl="55" sc="13" el="55" ec="13" bec="0" bev="0" fileid="3" />
                <SequencePoint vc="8" uspid="179" ordinal="0" offset="41" sl="56" sc="17" el="56" ec="17" bec="0" bev="0" fileid="3" />
                <SequencePoint vc="0" uspid="180" ordinal="0" offset="47" sl="57" sc="13" el="57" ec="13" bec="0" bev="0" fileid="3" />
                <SequencePoint vc="0" uspid="181" ordinal="0" offset="50" sl="58" sc="9" el="58" ec="9" bec="0" bev="0" fileid="3" />
              </SequencePoints>
              <BranchPoints />
            </Method>
            <Method visited="true" cyclomaticComplexity="0" nPathComplexity="0" sequenceCoverage="100.0" branchCoverage="0" crapScore="0" isConstructor="false" isStatic="false" isGetter="false" isSetter="false">
              <Summary numSequencePoints="0" visitedSequencePoints="0" numBranchPoints="0" visitedBranchPoints="0" sequenceCoverage="100.0" branchCoverage="0" maxCyclomaticComplexity="0" minCyclomaticComplexity="0" maxCrapScore="0" minCrapScore="0" visitedClasses="0" numClasses="0" visitedMethods="0" numMethods="0" />
              <MetadataToken>100663322</MetadataToken>
              <Name>System.Void Tests.TestReadLists::ReadStringList_ValidInput_ReturnsFileTokenIterator()</Name>
              <FileRef uid="3" />
              <SequencePoints>
                <SequencePoint vc="1" uspid="182" ordinal="0" offset="0" sl="62" sc="9" el="62" ec="9" bec="0" bev="0" fileid="3" />
                <SequencePoint vc="1" uspid="183" ordinal="0" offset="1" sl="63" sc="13" el="63" ec="13" bec="0" bev="0" fileid="3" />
                <SequencePoint vc="1" uspid="184" ordinal="0" offset="77" sl="67" sc="9" el="67" ec="9" bec="0" bev="0" fileid="3" />
              </SequencePoints>
              <BranchPoints />
            </Method>
            <Method visited="false" cyclomaticComplexity="0" nPathComplexity="0" sequenceCoverage="0.0" branchCoverage="0" crapScore="0" isConstructor="true" isStatic="true" isGetter="false" isSetter="false">
              <Summary numSequencePoints="0" visitedSequencePoints="0" numBranchPoints="0" visitedBranchPoints="0" sequenceCoverage="0.0" branchCoverage="0" maxCyclomaticComplexity="0" minCyclomaticComplexity="0" maxCrapScore="0" minCrapScore="0" visitedClasses="0" numClasses="0" visitedMethods="0" numMethods="0" />
              <MetadataToken>100663324</MetadataToken>
              <Name>static Tests.TestReadLists::TestReadLists()</Name>
              <FileRef uid="3" />
              <SequencePoints>
                <SequencePoint vc="0" uspid="185" ordinal="0" offset="0" sl="20" sc="9" el="20" ec="9" bec="0" bev="0" fileid="3" />
                <SequencePoint vc="0" uspid="186" ordinal="0" offset="267" sl="36" sc="9" el="36" ec="9" bec="0" bev="0" fileid="3" />
              </SequencePoints>
              <BranchPoints />
            </Method>
          </Methods>
        </Class>
        <Class>
          <Summary numSequencePoints="0" visitedSequencePoints="0" numBranchPoints="0" visitedBranchPoints="0" sequenceCoverage="0" branchCoverage="0" maxCyclomaticComplexity="0" minCyclomaticComplexity="0" maxCrapScore="0" minCrapScore="0" visitedClasses="0" numClasses="0" visitedMethods="0" numMethods="0" />
          <FullName>Tests.TestReadObjects</FullName>
          <Methods>
            <Method visited="true" cyclomaticComplexity="0" nPathComplexity="0" sequenceCoverage="100.0" branchCoverage="0" crapScore="0" isConstructor="false" isStatic="false" isGetter="false" isSetter="false">
              <Summary numSequencePoints="0" visitedSequencePoints="0" numBranchPoints="0" visitedBranchPoints="0" sequenceCoverage="100.0" branchCoverage="0" maxCyclomaticComplexity="0" minCyclomaticComplexity="0" maxCrapScore="0" minCrapScore="0" visitedClasses="0" numClasses="0" visitedMethods="0" numMethods="0" />
              <MetadataToken>100663325</MetadataToken>
              <Name>System.Void Tests.TestReadObjects::ReadObject_ValidInput_ReturnsDictionary()</Name>
              <FileRef uid="4" />
              <SequencePoints>
                <SequencePoint vc="1" uspid="187" ordinal="0" offset="0" sl="13" sc="9" el="13" ec="9" bec="0" bev="0" fileid="4" />
                <SequencePoint vc="1" uspid="188" ordinal="0" offset="1" sl="14" sc="13" el="14" ec="13" bec="0" bev="0" fileid="4" />
                <SequencePoint vc="1" uspid="189" ordinal="0" offset="13" sl="15" sc="13" el="15" ec="13" bec="0" bev="0" fileid="4" />
                <SequencePoint vc="1" uspid="190" ordinal="0" offset="25" sl="16" sc="13" el="16" ec="13" bec="0" bev="0" fileid="4" />
                <SequencePoint vc="1" uspid="191" ordinal="0" offset="46" sl="18" sc="13" el="18" ec="13" bec="0" bev="0" fileid="4" />
                <SequencePoint vc="1" uspid="192" ordinal="0" offset="58" sl="19" sc="13" el="19" ec="13" bec="0" bev="0" fileid="4" />
                <SequencePoint vc="1" uspid="193" ordinal="0" offset="70" sl="20" sc="13" el="20" ec="13" bec="0" bev="0" fileid="4" />
                <SequencePoint vc="1" uspid="194" ordinal="0" offset="91" sl="22" sc="13" el="22" ec="13" bec="0" bev="0" fileid="4" />
                <SequencePoint vc="1" uspid="195" ordinal="0" offset="103" sl="23" sc="13" el="23" ec="13" bec="0" bev="0" fileid="4" />
                <SequencePoint vc="1" uspid="196" ordinal="0" offset="115" sl="24" sc="13" el="24" ec="13" bec="0" bev="0" fileid="4" />
                <SequencePoint vc="1" uspid="197" ordinal="0" offset="127" sl="26" sc="13" el="26" ec="13" bec="0" bev="0" fileid="4" />
                <SequencePoint vc="1" uspid="198" ordinal="0" offset="139" sl="27" sc="13" el="27" ec="13" bec="0" bev="0" fileid="4" />
                <SequencePoint vc="1" uspid="199" ordinal="0" offset="147" sl="29" sc="13" el="29" ec="13" bec="0" bev="0" fileid="4" />
                <SequencePoint vc="1" uspid="200" ordinal="0" offset="154" sl="30" sc="13" el="30" ec="13" bec="0" bev="0" fileid="4" />
                <SequencePoint vc="1" uspid="201" ordinal="0" offset="172" sl="32" sc="13" el="32" ec="13" bec="0" bev="0" fileid="4" />
                <SequencePoint vc="1" uspid="202" ordinal="0" offset="180" sl="33" sc="13" el="33" ec="13" bec="0" bev="0" fileid="4" />
                <SequencePoint vc="1" uspid="203" ordinal="0" offset="188" sl="34" sc="13" el="34" ec="13" bec="0" bev="0" fileid="4" />
                <SequencePoint vc="1" uspid="204" ordinal="0" offset="196" sl="36" sc="13" el="36" ec="13" bec="0" bev="0" fileid="4" />
                <SequencePoint vc="1" uspid="205" ordinal="0" offset="198" sl="91" sc="9" el="91" ec="9" bec="0" bev="0" fileid="4" />
              </SequencePoints>
              <BranchPoints />
            </Method>
            <Method visited="true" cyclomaticComplexity="0" nPathComplexity="0" sequenceCoverage="60.0" branchCoverage="0" crapScore="0" isConstructor="false" isStatic="false" isGetter="false" isSetter="false">
              <Summary numSequencePoints="0" visitedSequencePoints="0" numBranchPoints="0" visitedBranchPoints="0" sequenceCoverage="60.0" branchCoverage="0" maxCyclomaticComplexity="0" minCyclomaticComplexity="0" maxCrapScore="0" minCrapScore="0" visitedClasses="0" numClasses="0" visitedMethods="0" numMethods="0" />
              <MetadataToken>100663326</MetadataToken>
              <Name>System.Void Tests.TestReadObjects::ReadObject_InvalidInput_Throws()</Name>
              <FileRef uid="4" />
              <SequencePoints>
                <SequencePoint vc="1" uspid="206" ordinal="0" offset="0" sl="95" sc="9" el="95" ec="9" bec="0" bev="0" fileid="4" />
                <SequencePoint vc="1" uspid="207" ordinal="0" offset="1" sl="97" sc="13" el="97" ec="13" bec="0" bev="0" fileid="4" />
                <SequencePoint vc="1" uspid="208" ordinal="0" offset="2" sl="98" sc="17" el="98" ec="17" bec="0" bev="0" fileid="4" />
                <SequencePoint vc="0" uspid="209" ordinal="0" offset="32" sl="99" sc="17" el="99" ec="17" bec="0" bev="0" fileid="4" />
                <SequencePoint vc="0" uspid="210" ordinal="0" offset="38" sl="100" sc="13" el="100" ec="13" bec="0" bev="0" fileid="4" />
                <SequencePoint vc="1" uspid="211" ordinal="0" offset="41" sl="101" sc="13" el="101" ec="13" bec="0" bev="0" fileid="4" />
                <SequencePoint vc="1" uspid="212" ordinal="0" offset="42" sl="102" sc="13" el="102" ec="13" bec="0" bev="0" fileid="4" />
                <SequencePoint vc="1" uspid="213" ordinal="0" offset="43" sl="103" sc="17" el="103" ec="17" bec="0" bev="0" fileid="4" />
                <SequencePoint vc="0" uspid="214" ordinal="0" offset="49" sl="104" sc="13" el="104" ec="13" bec="0" bev="0" fileid="4" />
                <SequencePoint vc="0" uspid="215" ordinal="0" offset="52" sl="105" sc="9" el="105" ec="9" bec="0" bev="0" fileid="4" />
              </SequencePoints>
              <BranchPoints />
            </Method>
            <Method visited="true" cyclomaticComplexity="0" nPathComplexity="0" sequenceCoverage="100.0" branchCoverage="0" crapScore="0" isConstructor="false" isStatic="true" isGetter="false" isSetter="false">
              <Summary numSequencePoints="0" visitedSequencePoints="0" numBranchPoints="0" visitedBranchPoints="0" sequenceCoverage="100.0" branchCoverage="0" maxCyclomaticComplexity="0" minCyclomaticComplexity="0" maxCrapScore="0" minCrapScore="0" visitedClasses="0" numClasses="0" visitedMethods="0" numMethods="0" />
              <MetadataToken>100663328</MetadataToken>
              <Name>static System.String[] Tests.TestReadObjects::&lt;ReadObject_ValidInput_ReturnsDictionary&gt;g__ComposeObjectString|0_0(Tests.TestReadObjects/&lt;&gt;c__DisplayClass0_0&amp;)</Name>
              <FileRef uid="4" />
              <SequencePoints>
                <SequencePoint vc="1" uspid="216" ordinal="0" offset="0" sl="39" sc="13" el="39" ec="13" bec="0" bev="0" fileid="4" />
                <SequencePoint vc="1" uspid="217" ordinal="0" offset="1" sl="40" sc="17" el="40" ec="17" bec="0" bev="0" fileid="4" />
                <SequencePoint vc="1" uspid="218" ordinal="0" offset="7" sl="41" sc="17" el="41" ec="17" bec="0" bev="0" fileid="4" />
                <SequencePoint vc="1" uspid="219" ordinal="0" offset="41" sl="42" sc="17" el="42" ec="17" bec="0" bev="0" fileid="4" />
                <SequencePoint vc="1" uspid="220" ordinal="0" offset="65" sl="43" sc="17" el="43" ec="17" bec="0" bev="0" fileid="4" />
                <SequencePoint vc="1" uspid="221" ordinal="0" offset="78" sl="44" sc="17" el="44" ec="17" bec="0" bev="0" fileid="4" />
                <SequencePoint vc="1" uspid="222" ordinal="0" offset="90" sl="46" sc="17" el="46" ec="17" bec="0" bev="0" fileid="4" />
                <SequencePoint vc="1" uspid="223" ordinal="0" offset="124" sl="47" sc="17" el="47" ec="17" bec="0" bev="0" fileid="4" />
                <SequencePoint vc="1" uspid="224" ordinal="0" offset="148" sl="48" sc="17" el="48" ec="17" bec="0" bev="0" fileid="4" />
                <SequencePoint vc="1" uspid="225" ordinal="0" offset="161" sl="49" sc="17" el="49" ec="17" bec="0" bev="0" fileid="4" />
                <SequencePoint vc="1" uspid="226" ordinal="0" offset="173" sl="51" sc="17" el="51" ec="17" bec="0" bev="0" fileid="4" />
                <SequencePoint vc="1" uspid="227" ordinal="0" offset="207" sl="52" sc="17" el="52" ec="17" bec="0" bev="0" fileid="4" />
                <SequencePoint vc="1" uspid="228" ordinal="0" offset="231" sl="53" sc="17" el="53" ec="17" bec="0" bev="0" fileid="4" />
                <SequencePoint vc="1" uspid="229" ordinal="0" offset="253" sl="54" sc="17" el="54" ec="17" bec="0" bev="0" fileid="4" />
                <SequencePoint vc="1" uspid="230" ordinal="0" offset="265" sl="56" sc="17" el="56" ec="17" bec="0" bev="0" fileid="4" />
                <SequencePoint vc="1" uspid="231" ordinal="0" offset="274" sl="57" sc="13" el="57" ec="13" bec="0" bev="0" fileid="4" />
              </SequencePoints>
              <BranchPoints />
            </Method>
            <Method visited="true" cyclomaticComplexity="0" nPathComplexity="0" sequenceCoverage="100.0" branchCoverage="0" crapScore="0" isConstructor="false" isStatic="true" isGetter="false" isSetter="false">
              <Summary numSequencePoints="0" visitedSequencePoints="0" numBranchPoints="0" visitedBranchPoints="0" sequenceCoverage="100.0" branchCoverage="0" maxCyclomaticComplexity="0" minCyclomaticComplexity="0" maxCrapScore="0" minCrapScore="0" visitedClasses="0" numClasses="0" visitedMethods="0" numMethods="0" />
              <MetadataToken>100663329</MetadataToken>
              <Name>static System.Void Tests.TestReadObjects::&lt;ReadObject_ValidInput_ReturnsDictionary&gt;g__AssertVariableNamesAreCorrect|0_1(Tests.TestReadObjects/&lt;&gt;c__DisplayClass0_0&amp;)</Name>
              <FileRef uid="4" />
              <SequencePoints>
                <SequencePoint vc="1" uspid="232" ordinal="0" offset="0" sl="60" sc="13" el="60" ec="13" bec="0" bev="0" fileid="4" />
                <SequencePoint vc="1" uspid="233" ordinal="0" offset="1" sl="61" sc="17" el="61" ec="17" bec="0" bev="0" fileid="4" />
                <SequencePoint vc="1" uspid="234" ordinal="0" offset="67" sl="62" sc="13" el="62" ec="13" bec="0" bev="0" fileid="4" />
              </SequencePoints>
              <BranchPoints />
            </Method>
            <Method visited="true" cyclomaticComplexity="0" nPathComplexity="0" sequenceCoverage="100.0" branchCoverage="0" crapScore="0" isConstructor="false" isStatic="true" isGetter="false" isSetter="false">
              <Summary numSequencePoints="0" visitedSequencePoints="0" numBranchPoints="0" visitedBranchPoints="0" sequenceCoverage="100.0" branchCoverage="0" maxCyclomaticComplexity="0" minCyclomaticComplexity="0" maxCrapScore="0" minCrapScore="0" visitedClasses="0" numClasses="0" visitedMethods="0" numMethods="0" />
              <MetadataToken>100663330</MetadataToken>
              <Name>static System.Void Tests.TestReadObjects::&lt;ReadObject_ValidInput_ReturnsDictionary&gt;g__AssertVariableTypesAreCorrect|0_2(Tests.TestReadObjects/&lt;&gt;c__DisplayClass0_0&amp;)</Name>
              <FileRef uid="4" />
              <SequencePoints>
                <SequencePoint vc="1" uspid="235" ordinal="0" offset="0" sl="65" sc="13" el="65" ec="13" bec="0" bev="0" fileid="4" />
                <SequencePoint vc="1" uspid="236" ordinal="0" offset="1" sl="66" sc="17" el="66" ec="17" bec="0" bev="0" fileid="4" />
                <SequencePoint vc="1" uspid="237" ordinal="0" offset="35" sl="67" sc="17" el="67" ec="17" bec="0" bev="0" fileid="4" />
                <SequencePoint vc="1" uspid="238" ordinal="0" offset="69" sl="68" sc="17" el="68" ec="17" bec="0" bev="0" fileid="4" />
                <SequencePoint vc="1" uspid="239" ordinal="0" offset="103" sl="69" sc="13" el="69" ec="13" bec="0" bev="0" fileid="4" />
              </SequencePoints>
              <BranchPoints />
            </Method>
            <Method visited="true" cyclomaticComplexity="0" nPathComplexity="0" sequenceCoverage="100.0" branchCoverage="0" crapScore="0" isConstructor="false" isStatic="true" isGetter="false" isSetter="false">
              <Summary numSequencePoints="0" visitedSequencePoints="0" numBranchPoints="0" visitedBranchPoints="0" sequenceCoverage="100.0" branchCoverage="0" maxCyclomaticComplexity="0" minCyclomaticComplexity="0" maxCrapScore="0" minCrapScore="0" visitedClasses="0" numClasses="0" visitedMethods="0" numMethods="0" />
              <MetadataToken>100663331</MetadataToken>
              <Name>static System.Void Tests.TestReadObjects::&lt;ReadObject_ValidInput_ReturnsDictionary&gt;g__AssertVariableValuesAreCorrect|0_3(Tests.TestReadObjects/&lt;&gt;c__DisplayClass0_0&amp;)</Name>
              <FileRef uid="4" />
              <SequencePoints>
                <SequencePoint vc="1" uspid="240" ordinal="0" offset="0" sl="72" sc="13" el="72" ec="13" bec="0" bev="0" fileid="4" />
                <SequencePoint vc="1" uspid="241" ordinal="0" offset="1" sl="73" sc="17" el="73" ec="17" bec="0" bev="0" fileid="4" />
                <SequencePoint vc="1" uspid="242" ordinal="0" offset="57" sl="79" sc="17" el="79" ec="17" bec="0" bev="0" fileid="4" />
                <SequencePoint vc="1" uspid="243" ordinal="0" offset="113" sl="85" sc="17" el="85" ec="17" bec="0" bev="0" fileid="4" />
                <SequencePoint vc="1" uspid="244" ordinal="0" offset="178" sl="90" sc="13" el="90" ec="13" bec="0" bev="0" fileid="4" />
              </SequencePoints>
              <BranchPoints />
            </Method>
          </Methods>
        </Class>
        <Class>
          <Summary numSequencePoints="0" visitedSequencePoints="0" numBranchPoints="0" visitedBranchPoints="0" sequenceCoverage="0" branchCoverage="0" maxCyclomaticComplexity="0" minCyclomaticComplexity="0" maxCrapScore="0" minCrapScore="0" visitedClasses="0" numClasses="0" visitedMethods="0" numMethods="0" />
          <FullName>Tests.TestReadPrimitives</FullName>
          <Methods>
            <Method visited="true" cyclomaticComplexity="0" nPathComplexity="0" sequenceCoverage="100.0" branchCoverage="0" crapScore="0" isConstructor="false" isStatic="false" isGetter="false" isSetter="false">
              <Summary numSequencePoints="0" visitedSequencePoints="0" numBranchPoints="0" visitedBranchPoints="0" sequenceCoverage="100.0" branchCoverage="0" maxCyclomaticComplexity="0" minCyclomaticComplexity="0" maxCrapScore="0" minCrapScore="0" visitedClasses="0" numClasses="0" visitedMethods="0" numMethods="0" />
              <MetadataToken>100663332</MetadataToken>
              <Name>System.Void Tests.TestReadPrimitives::ReadColor_ValidInput_ReturnsColor()</Name>
              <FileRef uid="5" />
              <SequencePoints>
                <SequencePoint vc="1" uspid="245" ordinal="0" offset="0" sl="13" sc="9" el="13" ec="9" bec="0" bev="0" fileid="5" />
                <SequencePoint vc="1" uspid="246" ordinal="0" offset="1" sl="14" sc="13" el="14" ec="13" bec="0" bev="0" fileid="5" />
                <SequencePoint vc="1" uspid="247" ordinal="0" offset="50" sl="15" sc="9" el="15" ec="9" bec="0" bev="0" fileid="5" />
              </SequencePoints>
              <BranchPoints />
            </Method>
            <Method visited="true" cyclomaticComplexity="0" nPathComplexity="0" sequenceCoverage="60.0" branchCoverage="0" crapScore="0" isConstructor="false" isStatic="false" isGetter="false" isSetter="false">
              <Summary numSequencePoints="0" visitedSequencePoints="0" numBranchPoints="0" visitedBranchPoints="0" sequenceCoverage="60.0" branchCoverage="0" maxCyclomaticComplexity="0" minCyclomaticComplexity="0" maxCrapScore="0" minCrapScore="0" visitedClasses="0" numClasses="0" visitedMethods="0" numMethods="0" />
              <MetadataToken>100663333</MetadataToken>
              <Name>System.Void Tests.TestReadPrimitives::ReadColor_InvalidInput_Throws(.TestParams[String[],Unit])</Name>
              <FileRef uid="5" />
              <SequencePoints>
                <SequencePoint vc="7" uspid="248" ordinal="0" offset="0" sl="28" sc="9" el="28" ec="9" bec="0" bev="0" fileid="5" />
                <SequencePoint vc="7" uspid="249" ordinal="0" offset="1" sl="30" sc="13" el="30" ec="13" bec="0" bev="0" fileid="5" />
                <SequencePoint vc="7" uspid="250" ordinal="0" offset="2" sl="31" sc="17" el="31" ec="17" bec="0" bev="0" fileid="5" />
                <SequencePoint vc="0" uspid="251" ordinal="0" offset="19" sl="32" sc="17" el="32" ec="17" bec="0" bev="0" fileid="5" />
                <SequencePoint vc="0" uspid="252" ordinal="0" offset="31" sl="33" sc="13" el="33" ec="13" bec="0" bev="0" fileid="5" />
                <SequencePoint vc="7" uspid="253" ordinal="0" offset="34" sl="34" sc="13" el="34" ec="13" bec="0" bev="0" fileid="5" />
                <SequencePoint vc="7" uspid="254" ordinal="0" offset="35" sl="35" sc="13" el="35" ec="13" bec="0" bev="0" fileid="5" />
                <SequencePoint vc="7" uspid="255" ordinal="0" offset="36" sl="36" sc="17" el="36" ec="17" bec="0" bev="0" fileid="5" />
                <SequencePoint vc="0" uspid="256" ordinal="0" offset="42" sl="37" sc="13" el="37" ec="13" bec="0" bev="0" fileid="5" />
                <SequencePoint vc="0" uspid="257" ordinal="0" offset="45" sl="38" sc="9" el="38" ec="9" bec="0" bev="0" fileid="5" />
              </SequencePoints>
              <BranchPoints />
            </Method>
            <Method visited="true" cyclomaticComplexity="0" nPathComplexity="0" sequenceCoverage="100.0" branchCoverage="0" crapScore="0" isConstructor="false" isStatic="false" isGetter="false" isSetter="false">
              <Summary numSequencePoints="0" visitedSequencePoints="0" numBranchPoints="0" visitedBranchPoints="0" sequenceCoverage="100.0" branchCoverage="0" maxCyclomaticComplexity="0" minCyclomaticComplexity="0" maxCrapScore="0" minCrapScore="0" visitedClasses="0" numClasses="0" visitedMethods="0" numMethods="0" />
              <MetadataToken>100663334</MetadataToken>
              <Name>System.Void Tests.TestReadPrimitives::ReadCoordinates_ValidInput_ReturnsCoordinate()</Name>
              <FileRef uid="5" />
              <SequencePoints>
                <SequencePoint vc="1" uspid="258" ordinal="0" offset="0" sl="43" sc="9" el="43" ec="9" bec="0" bev="0" fileid="5" />
                <SequencePoint vc="1" uspid="259" ordinal="0" offset="1" sl="44" sc="13" el="44" ec="13" bec="0" bev="0" fileid="5" />
                <SequencePoint vc="1" uspid="260" ordinal="0" offset="38" sl="45" sc="9" el="45" ec="9" bec="0" bev="0" fileid="5" />
              </SequencePoints>
              <BranchPoints />
            </Method>
            <Method visited="true" cyclomaticComplexity="0" nPathComplexity="0" sequenceCoverage="60.0" branchCoverage="0" crapScore="0" isConstructor="false" isStatic="false" isGetter="false" isSetter="false">
              <Summary numSequencePoints="0" visitedSequencePoints="0" numBranchPoints="0" visitedBranchPoints="0" sequenceCoverage="60.0" branchCoverage="0" maxCyclomaticComplexity="0" minCyclomaticComplexity="0" maxCrapScore="0" minCrapScore="0" visitedClasses="0" numClasses="0" visitedMethods="0" numMethods="0" />
              <MetadataToken>100663335</MetadataToken>
              <Name>System.Void Tests.TestReadPrimitives::ReadCoordinates_InvalidInput_Throws(.TestParams[String[],Unit])</Name>
              <FileRef uid="5" />
              <SequencePoints>
                <SequencePoint vc="3" uspid="261" ordinal="0" offset="0" sl="54" sc="9" el="54" ec="9" bec="0" bev="0" fileid="5" />
                <SequencePoint vc="3" uspid="262" ordinal="0" offset="1" sl="56" sc="13" el="56" ec="13" bec="0" bev="0" fileid="5" />
                <SequencePoint vc="3" uspid="263" ordinal="0" offset="2" sl="57" sc="17" el="57" ec="17" bec="0" bev="0" fileid="5" />
                <SequencePoint vc="0" uspid="264" ordinal="0" offset="19" sl="58" sc="17" el="58" ec="17" bec="0" bev="0" fileid="5" />
                <SequencePoint vc="0" uspid="265" ordinal="0" offset="31" sl="59" sc="13" el="59" ec="13" bec="0" bev="0" fileid="5" />
                <SequencePoint vc="3" uspid="266" ordinal="0" offset="34" sl="60" sc="13" el="60" ec="13" bec="0" bev="0" fileid="5" />
                <SequencePoint vc="3" uspid="267" ordinal="0" offset="35" sl="61" sc="13" el="61" ec="13" bec="0" bev="0" fileid="5" />
                <SequencePoint vc="3" uspid="268" ordinal="0" offset="36" sl="62" sc="17" el="62" ec="17" bec="0" bev="0" fileid="5" />
                <SequencePoint vc="0" uspid="269" ordinal="0" offset="42" sl="63" sc="13" el="63" ec="13" bec="0" bev="0" fileid="5" />
                <SequencePoint vc="0" uspid="270" ordinal="0" offset="45" sl="64" sc="9" el="64" ec="9" bec="0" bev="0" fileid="5" />
              </SequencePoints>
              <BranchPoints />
            </Method>
            <Method visited="true" cyclomaticComplexity="0" nPathComplexity="0" sequenceCoverage="100.0" branchCoverage="0" crapScore="0" isConstructor="false" isStatic="false" isGetter="false" isSetter="false">
              <Summary numSequencePoints="0" visitedSequencePoints="0" numBranchPoints="0" visitedBranchPoints="0" sequenceCoverage="100.0" branchCoverage="0" maxCyclomaticComplexity="0" minCyclomaticComplexity="0" maxCrapScore="0" minCrapScore="0" visitedClasses="0" numClasses="0" visitedMethods="0" numMethods="0" />
              <MetadataToken>100663336</MetadataToken>
              <Name>System.Void Tests.TestReadPrimitives::ReadFloat_ValidInput_ReturnsFloat()</Name>
              <FileRef uid="5" />
              <SequencePoints>
                <SequencePoint vc="1" uspid="271" ordinal="0" offset="0" sl="69" sc="9" el="69" ec="9" bec="0" bev="0" fileid="5" />
                <SequencePoint vc="1" uspid="272" ordinal="0" offset="1" sl="70" sc="13" el="70" ec="13" bec="0" bev="0" fileid="5" />
                <SequencePoint vc="1" uspid="273" ordinal="0" offset="46" sl="71" sc="9" el="71" ec="9" bec="0" bev="0" fileid="5" />
              </SequencePoints>
              <BranchPoints />
            </Method>
            <Method visited="true" cyclomaticComplexity="0" nPathComplexity="0" sequenceCoverage="60.0" branchCoverage="0" crapScore="0" isConstructor="false" isStatic="false" isGetter="false" isSetter="false">
              <Summary numSequencePoints="0" visitedSequencePoints="0" numBranchPoints="0" visitedBranchPoints="0" sequenceCoverage="60.0" branchCoverage="0" maxCyclomaticComplexity="0" minCyclomaticComplexity="0" maxCrapScore="0" minCrapScore="0" visitedClasses="0" numClasses="0" visitedMethods="0" numMethods="0" />
              <MetadataToken>100663337</MetadataToken>
              <Name>System.Void Tests.TestReadPrimitives::ReadFloat_InvalidInput_Throws(.TestParams[String[],Unit])</Name>
              <FileRef uid="5" />
              <SequencePoints>
                <SequencePoint vc="2" uspid="274" ordinal="0" offset="0" sl="79" sc="9" el="79" ec="9" bec="0" bev="0" fileid="5" />
                <SequencePoint vc="2" uspid="275" ordinal="0" offset="1" sl="81" sc="13" el="81" ec="13" bec="0" bev="0" fileid="5" />
                <SequencePoint vc="2" uspid="276" ordinal="0" offset="2" sl="82" sc="17" el="82" ec="17" bec="0" bev="0" fileid="5" />
                <SequencePoint vc="0" uspid="277" ordinal="0" offset="19" sl="83" sc="17" el="83" ec="17" bec="0" bev="0" fileid="5" />
                <SequencePoint vc="0" uspid="278" ordinal="0" offset="31" sl="84" sc="13" el="84" ec="13" bec="0" bev="0" fileid="5" />
                <SequencePoint vc="2" uspid="279" ordinal="0" offset="34" sl="85" sc="13" el="85" ec="13" bec="0" bev="0" fileid="5" />
                <SequencePoint vc="2" uspid="280" ordinal="0" offset="35" sl="86" sc="13" el="86" ec="13" bec="0" bev="0" fileid="5" />
                <SequencePoint vc="2" uspid="281" ordinal="0" offset="36" sl="87" sc="17" el="87" ec="17" bec="0" bev="0" fileid="5" />
                <SequencePoint vc="0" uspid="282" ordinal="0" offset="42" sl="88" sc="13" el="88" ec="13" bec="0" bev="0" fileid="5" />
                <SequencePoint vc="0" uspid="283" ordinal="0" offset="45" sl="89" sc="9" el="89" ec="9" bec="0" bev="0" fileid="5" />
              </SequencePoints>
              <BranchPoints />
            </Method>
            <Method visited="true" cyclomaticComplexity="0" nPathComplexity="0" sequenceCoverage="100.0" branchCoverage="0" crapScore="0" isConstructor="false" isStatic="false" isGetter="false" isSetter="false">
              <Summary numSequencePoints="0" visitedSequencePoints="0" numBranchPoints="0" visitedBranchPoints="0" sequenceCoverage="100.0" branchCoverage="0" maxCyclomaticComplexity="0" minCyclomaticComplexity="0" maxCrapScore="0" minCrapScore="0" visitedClasses="0" numClasses="0" visitedMethods="0" numMethods="0" />
              <MetadataToken>100663338</MetadataToken>
              <Name>System.Void Tests.TestReadPrimitives::ReadInt_ValidInput_ReturnsInt()</Name>
              <FileRef uid="5" />
              <SequencePoints>
                <SequencePoint vc="1" uspid="284" ordinal="0" offset="0" sl="94" sc="9" el="94" ec="9" bec="0" bev="0" fileid="5" />
                <SequencePoint vc="1" uspid="285" ordinal="0" offset="1" sl="95" sc="13" el="95" ec="13" bec="0" bev="0" fileid="5" />
                <SequencePoint vc="1" uspid="286" ordinal="0" offset="46" sl="96" sc="9" el="96" ec="9" bec="0" bev="0" fileid="5" />
              </SequencePoints>
              <BranchPoints />
            </Method>
            <Method visited="true" cyclomaticComplexity="0" nPathComplexity="0" sequenceCoverage="60.0" branchCoverage="0" crapScore="0" isConstructor="false" isStatic="false" isGetter="false" isSetter="false">
              <Summary numSequencePoints="0" visitedSequencePoints="0" numBranchPoints="0" visitedBranchPoints="0" sequenceCoverage="60.0" branchCoverage="0" maxCyclomaticComplexity="0" minCyclomaticComplexity="0" maxCrapScore="0" minCrapScore="0" visitedClasses="0" numClasses="0" visitedMethods="0" numMethods="0" />
              <MetadataToken>100663339</MetadataToken>
              <Name>System.Void Tests.TestReadPrimitives::ReadInt_InvalidInput_Throws(.TestParams[String[],Unit])</Name>
              <FileRef uid="5" />
              <SequencePoints>
                <SequencePoint vc="2" uspid="287" ordinal="0" offset="0" sl="104" sc="9" el="104" ec="9" bec="0" bev="0" fileid="5" />
                <SequencePoint vc="2" uspid="288" ordinal="0" offset="1" sl="106" sc="13" el="106" ec="13" bec="0" bev="0" fileid="5" />
                <SequencePoint vc="2" uspid="289" ordinal="0" offset="2" sl="107" sc="17" el="107" ec="17" bec="0" bev="0" fileid="5" />
                <SequencePoint vc="0" uspid="290" ordinal="0" offset="19" sl="108" sc="17" el="108" ec="17" bec="0" bev="0" fileid="5" />
                <SequencePoint vc="0" uspid="291" ordinal="0" offset="31" sl="109" sc="13" el="109" ec="13" bec="0" bev="0" fileid="5" />
                <SequencePoint vc="2" uspid="292" ordinal="0" offset="34" sl="110" sc="13" el="110" ec="13" bec="0" bev="0" fileid="5" />
                <SequencePoint vc="2" uspid="293" ordinal="0" offset="35" sl="111" sc="13" el="111" ec="13" bec="0" bev="0" fileid="5" />
                <SequencePoint vc="2" uspid="294" ordinal="0" offset="36" sl="112" sc="17" el="112" ec="17" bec="0" bev="0" fileid="5" />
                <SequencePoint vc="0" uspid="295" ordinal="0" offset="42" sl="113" sc="13" el="113" ec="13" bec="0" bev="0" fileid="5" />
                <SequencePoint vc="0" uspid="296" ordinal="0" offset="45" sl="114" sc="9" el="114" ec="9" bec="0" bev="0" fileid="5" />
              </SequencePoints>
              <BranchPoints />
            </Method>
            <Method visited="true" cyclomaticComplexity="0" nPathComplexity="0" sequenceCoverage="100.0" branchCoverage="0" crapScore="0" isConstructor="false" isStatic="false" isGetter="false" isSetter="false">
              <Summary numSequencePoints="0" visitedSequencePoints="0" numBranchPoints="0" visitedBranchPoints="0" sequenceCoverage="100.0" branchCoverage="0" maxCyclomaticComplexity="0" minCyclomaticComplexity="0" maxCrapScore="0" minCrapScore="0" visitedClasses="0" numClasses="0" visitedMethods="0" numMethods="0" />
              <MetadataToken>100663340</MetadataToken>
              <Name>System.Void Tests.TestReadPrimitives::ReadString_ValidInput_ReturnsString(.TestParams[String[],String])</Name>
              <FileRef uid="5" />
              <SequencePoints>
                <SequencePoint vc="3" uspid="297" ordinal="0" offset="0" sl="137" sc="9" el="137" ec="9" bec="0" bev="0" fileid="5" />
                <SequencePoint vc="3" uspid="298" ordinal="0" offset="1" sl="138" sc="13" el="138" ec="13" bec="0" bev="0" fileid="5" />
[...]
              <Summary numSequencePoints="0" visitedSequencePoints="0" numBranchPoints="0" visitedBranchPoints="0" sequenceCoverage="100.0" branchCoverage="0" maxCyclomaticComplexity="0" minCyclomaticComplexity="0" maxCrapScore="0" minCrapScore="0" visitedClasses="0" numClasses="0" visitedMethods="0" numMethods="0" />
              <MetadataToken>100663364</MetadataToken>
              <Name>FileTokenIterator/FileCastException::FileCastException(System.String, System.String, FileTokenIterator)</Name>
              <FileRef uid="8" />
              <SequencePoints>
                <SequencePoint vc="4" uspid="868" ordinal="0" offset="0" sl="165" sc="95" el="165" ec="95" bec="0" bev="0" fileid="8" />
                <SequencePoint vc="4" uspid="869" ordinal="0" offset="25" sl="165" sc="165" el="165" ec="165" bec="0" bev="0" fileid="8" />
                <SequencePoint vc="4" uspid="870" ordinal="0" offset="26" sl="165" sc="167" el="165" ec="167" bec="0" bev="0" fileid="8" />
              </SequencePoints>
              <BranchPoints />
            </Method>
          </Methods>
        </Class>
        <Class>
          <Summary numSequencePoints="0" visitedSequencePoints="0" numBranchPoints="0" visitedBranchPoints="0" sequenceCoverage="0" branchCoverage="0" maxCyclomaticComplexity="0" minCyclomaticComplexity="0" maxCrapScore="0" minCrapScore="0" visitedClasses="0" numClasses="0" visitedMethods="0" numMethods="0" />
          <FullName>FileTokenIterator/MalformedItemException</FullName>
          <Methods>
            <Method visited="true" cyclomaticComplexity="0" nPathComplexity="0" sequenceCoverage="100.0" branchCoverage="0" crapScore="0" isConstructor="true" isStatic="false" isGetter="false" isSetter="false">
              <Summary numSequencePoints="0" visitedSequencePoints="0" numBranchPoints="0" visitedBranchPoints="0" sequenceCoverage="100.0" branchCoverage="0" maxCyclomaticComplexity="0" minCyclomaticComplexity="0" maxCrapScore="0" minCrapScore="0" visitedClasses="0" numClasses="0" visitedMethods="0" numMethods="0" />
              <MetadataToken>100663365</MetadataToken>
              <Name>FileTokenIterator/MalformedItemException::MalformedItemException(System.String, System.String, FileTokenIterator)</Name>
              <FileRef uid="8" />
              <SequencePoints>
                <SequencePoint vc="20" uspid="871" ordinal="0" offset="0" sl="170" sc="103" el="170" ec="103" bec="0" bev="0" fileid="8" />
                <SequencePoint vc="20" uspid="872" ordinal="0" offset="25" sl="170" sc="155" el="170" ec="155" bec="0" bev="0" fileid="8" />
                <SequencePoint vc="20" uspid="873" ordinal="0" offset="26" sl="170" sc="157" el="170" ec="157" bec="0" bev="0" fileid="8" />
              </SequencePoints>
              <BranchPoints />
            </Method>
          </Methods>
        </Class>
        <Class>
          <Summary numSequencePoints="0" visitedSequencePoints="0" numBranchPoints="0" visitedBranchPoints="0" sequenceCoverage="0" branchCoverage="0" maxCyclomaticComplexity="0" minCyclomaticComplexity="0" maxCrapScore="0" minCrapScore="0" visitedClasses="0" numClasses="0" visitedMethods="0" numMethods="0" />
          <FullName>FileTokenIterator/NoSuchTypeException</FullName>
          <Methods>
            <Method visited="false" cyclomaticComplexity="0" nPathComplexity="0" sequenceCoverage="0.0" branchCoverage="0" crapScore="0" isConstructor="true" isStatic="false" isGetter="false" isSetter="false">
              <Summary numSequencePoints="0" visitedSequencePoints="0" numBranchPoints="0" visitedBranchPoints="0" sequenceCoverage="0.0" branchCoverage="0" maxCyclomaticComplexity="0" minCyclomaticComplexity="0" maxCrapScore="0" minCrapScore="0" visitedClasses="0" numClasses="0" visitedMethods="0" numMethods="0" />
              <MetadataToken>100663366</MetadataToken>
              <Name>FileTokenIterator/NoSuchTypeException::NoSuchTypeException(System.String, FileTokenIterator)</Name>
              <FileRef uid="8" />
              <SequencePoints>
                <SequencePoint vc="0" uspid="874" ordinal="0" offset="0" sl="175" sc="0" el="175" ec="0" bec="0" bev="0" fileid="8" />
                <SequencePoint vc="0" uspid="875" ordinal="0" offset="19" sl="175" sc="0" el="175" ec="0" bec="0" bev="0" fileid="8" />
                <SequencePoint vc="0" uspid="876" ordinal="0" offset="20" sl="175" sc="0" el="175" ec="0" bec="0" bev="0" fileid="8" />
              </SequencePoints>
              <BranchPoints />
            </Method>
          </Methods>
        </Class>
        <Class>
          <Summary numSequencePoints="0" visitedSequencePoints="0" numBranchPoints="0" visitedBranchPoints="0" sequenceCoverage="0" branchCoverage="0" maxCyclomaticComplexity="0" minCyclomaticComplexity="0" maxCrapScore="0" minCrapScore="0" visitedClasses="0" numClasses="0" visitedMethods="0" numMethods="0" />
          <FullName>FileTokenIterator/UnexpectedCharacterException</FullName>
          <Methods>
            <Method visited="true" cyclomaticComplexity="0" nPathComplexity="0" sequenceCoverage="100.0" branchCoverage="0" crapScore="0" isConstructor="true" isStatic="false" isGetter="false" isSetter="false">
              <Summary numSequencePoints="0" visitedSequencePoints="0" numBranchPoints="0" visitedBranchPoints="0" sequenceCoverage="100.0" branchCoverage="0" maxCyclomaticComplexity="0" minCyclomaticComplexity="0" maxCrapScore="0" minCrapScore="0" visitedClasses="0" numClasses="0" visitedMethods="0" numMethods="0" />
              <MetadataToken>100663367</MetadataToken>
              <Name>FileTokenIterator/UnexpectedCharacterException::UnexpectedCharacterException(System.Char, System.String, System.String, FileTokenIterator)</Name>
              <FileRef uid="8" />
              <SequencePoints>
                <SequencePoint vc="6" uspid="877" ordinal="0" offset="0" sl="180" sc="121" el="180" ec="121" bec="0" bev="0" fileid="8" />
                <SequencePoint vc="6" uspid="878" ordinal="0" offset="27" sl="180" sc="195" el="180" ec="195" bec="0" bev="0" fileid="8" />
                <SequencePoint vc="6" uspid="879" ordinal="0" offset="28" sl="180" sc="197" el="180" ec="197" bec="0" bev="0" fileid="8" />
              </SequencePoints>
              <BranchPoints />
            </Method>
            <Method visited="false" cyclomaticComplexity="0" nPathComplexity="0" sequenceCoverage="0.0" branchCoverage="0" crapScore="0" isConstructor="true" isStatic="false" isGetter="false" isSetter="false">
              <Summary numSequencePoints="0" visitedSequencePoints="0" numBranchPoints="0" visitedBranchPoints="0" sequenceCoverage="0.0" branchCoverage="0" maxCyclomaticComplexity="0" minCyclomaticComplexity="0" maxCrapScore="0" minCrapScore="0" visitedClasses="0" numClasses="0" visitedMethods="0" numMethods="0" />
              <MetadataToken>100663368</MetadataToken>
              <Name>FileTokenIterator/UnexpectedCharacterException::UnexpectedCharacterException(System.Char, System.String, System.String, System.String, System.Int32)</Name>
              <FileRef uid="8" />
              <SequencePoints>
                <SequencePoint vc="0" uspid="880" ordinal="0" offset="0" sl="181" sc="0" el="181" ec="0" bec="0" bev="0" fileid="8" />
                <SequencePoint vc="0" uspid="881" ordinal="0" offset="29" sl="181" sc="0" el="181" ec="0" bec="0" bev="0" fileid="8" />
                <SequencePoint vc="0" uspid="882" ordinal="0" offset="30" sl="181" sc="0" el="181" ec="0" bec="0" bev="0" fileid="8" />
              </SequencePoints>
              <BranchPoints />
            </Method>
          </Methods>
        </Class>
        <Class>
          <Summary numSequencePoints="0" visitedSequencePoints="0" numBranchPoints="0" visitedBranchPoints="0" sequenceCoverage="0" branchCoverage="0" maxCyclomaticComplexity="0" minCyclomaticComplexity="0" maxCrapScore="0" minCrapScore="0" visitedClasses="0" numClasses="0" visitedMethods="0" numMethods="0" />
          <FullName>Read/FileCastException</FullName>
          <Methods>
            <Method visited="false" cyclomaticComplexity="0" nPathComplexity="0" sequenceCoverage="0.0" branchCoverage="0" crapScore="0" isConstructor="true" isStatic="false" isGetter="false" isSetter="false">
              <Summary numSequencePoints="0" visitedSequencePoints="0" numBranchPoints="0" visitedBranchPoints="0" sequenceCoverage="0.0" branchCoverage="0" maxCyclomaticComplexity="0" minCyclomaticComplexity="0" maxCrapScore="0" minCrapScore="0" visitedClasses="0" numClasses="0" visitedMethods="0" numMethods="0" />
              <MetadataToken>100663369</MetadataToken>
              <Name>Read/FileCastException::FileCastException(System.String, System.String)</Name>
              <FileRef uid="9" />
              <SequencePoints>
                <SequencePoint vc="0" uspid="883" ordinal="0" offset="0" sl="11" sc="0" el="11" ec="0" bec="0" bev="0" fileid="9" />
                <SequencePoint vc="0" uspid="884" ordinal="0" offset="24" sl="11" sc="0" el="11" ec="0" bec="0" bev="0" fileid="9" />
                <SequencePoint vc="0" uspid="885" ordinal="0" offset="25" sl="11" sc="0" el="11" ec="0" bec="0" bev="0" fileid="9" />
              </SequencePoints>
              <BranchPoints />
            </Method>
          </Methods>
        </Class>
        <Class>
          <Summary numSequencePoints="0" visitedSequencePoints="0" numBranchPoints="0" visitedBranchPoints="0" sequenceCoverage="0" branchCoverage="0" maxCyclomaticComplexity="0" minCyclomaticComplexity="0" maxCrapScore="0" minCrapScore="0" visitedClasses="0" numClasses="0" visitedMethods="0" numMethods="0" />
          <FullName>Read/MalformedItemException</FullName>
          <Methods>
            <Method visited="false" cyclomaticComplexity="0" nPathComplexity="0" sequenceCoverage="0.0" branchCoverage="0" crapScore="0" isConstructor="true" isStatic="false" isGetter="false" isSetter="false">
              <Summary numSequencePoints="0" visitedSequencePoints="0" numBranchPoints="0" visitedBranchPoints="0" sequenceCoverage="0.0" branchCoverage="0" maxCyclomaticComplexity="0" minCyclomaticComplexity="0" maxCrapScore="0" minCrapScore="0" visitedClasses="0" numClasses="0" visitedMethods="0" numMethods="0" />
              <MetadataToken>100663370</MetadataToken>
              <Name>Read/MalformedItemException::MalformedItemException(System.String, System.String)</Name>
              <FileRef uid="9" />
              <SequencePoints>
                <SequencePoint vc="0" uspid="886" ordinal="0" offset="0" sl="16" sc="0" el="16" ec="0" bec="0" bev="0" fileid="9" />
                <SequencePoint vc="0" uspid="887" ordinal="0" offset="24" sl="16" sc="0" el="16" ec="0" bec="0" bev="0" fileid="9" />
                <SequencePoint vc="0" uspid="888" ordinal="0" offset="25" sl="16" sc="0" el="16" ec="0" bec="0" bev="0" fileid="9" />
              </SequencePoints>
              <BranchPoints />
            </Method>
          </Methods>
        </Class>
        <Class>
          <Summary numSequencePoints="0" visitedSequencePoints="0" numBranchPoints="0" visitedBranchPoints="0" sequenceCoverage="0" branchCoverage="0" maxCyclomaticComplexity="0" minCyclomaticComplexity="0" maxCrapScore="0" minCrapScore="0" visitedClasses="0" numClasses="0" visitedMethods="0" numMethods="0" />
          <FullName>Read/NoSuchTypeException</FullName>
          <Methods>
            <Method visited="false" cyclomaticComplexity="0" nPathComplexity="0" sequenceCoverage="0.0" branchCoverage="0" crapScore="0" isConstructor="true" isStatic="false" isGetter="false" isSetter="false">
              <Summary numSequencePoints="0" visitedSequencePoints="0" numBranchPoints="0" visitedBranchPoints="0" sequenceCoverage="0.0" branchCoverage="0" maxCyclomaticComplexity="0" minCyclomaticComplexity="0" maxCrapScore="0" minCrapScore="0" visitedClasses="0" numClasses="0" visitedMethods="0" numMethods="0" />
              <MetadataToken>100663371</MetadataToken>
              <Name>Read/NoSuchTypeException::NoSuchTypeException(System.String)</Name>
              <FileRef uid="9" />
              <SequencePoints>
                <SequencePoint vc="0" uspid="889" ordinal="0" offset="0" sl="21" sc="0" el="21" ec="0" bec="0" bev="0" fileid="9" />
                <SequencePoint vc="0" uspid="890" ordinal="0" offset="18" sl="21" sc="0" el="21" ec="0" bec="0" bev="0" fileid="9" />
                <SequencePoint vc="0" uspid="891" ordinal="0" offset="19" sl="21" sc="0" el="21" ec="0" bec="0" bev="0" fileid="9" />
              </SequencePoints>
              <BranchPoints />
            </Method>
          </Methods>
        </Class>
        <Class>
          <Summary numSequencePoints="0" visitedSequencePoints="0" numBranchPoints="0" visitedBranchPoints="0" sequenceCoverage="0" branchCoverage="0" maxCyclomaticComplexity="0" minCyclomaticComplexity="0" maxCrapScore="0" minCrapScore="0" visitedClasses="0" numClasses="0" visitedMethods="0" numMethods="0" />
          <FullName>Read/UnexpectedCharacterException</FullName>
          <Methods>
            <Method visited="true" cyclomaticComplexity="0" nPathComplexity="0" sequenceCoverage="100.0" branchCoverage="0" crapScore="0" isConstructor="true" isStatic="false" isGetter="false" isSetter="false">
              <Summary numSequencePoints="0" visitedSequencePoints="0" numBranchPoints="0" visitedBranchPoints="0" sequenceCoverage="100.0" branchCoverage="0" maxCyclomaticComplexity="0" minCyclomaticComplexity="0" maxCrapScore="0" minCrapScore="0" visitedClasses="0" numClasses="0" visitedMethods="0" numMethods="0" />
              <MetadataToken>100663372</MetadataToken>
              <Name>Read/UnexpectedCharacterException::UnexpectedCharacterException(System.Char, System.String, System.String)</Name>
              <FileRef uid="9" />
              <SequencePoints>
                <SequencePoint vc="1" uspid="892" ordinal="0" offset="0" sl="26" sc="88" el="26" ec="88" bec="0" bev="0" fileid="9" />
                <SequencePoint vc="1" uspid="893" ordinal="0" offset="25" sl="26" sc="147" el="26" ec="147" bec="0" bev="0" fileid="9" />
                <SequencePoint vc="1" uspid="894" ordinal="0" offset="26" sl="26" sc="149" el="26" ec="149" bec="0" bev="0" fileid="9" />
              </SequencePoints>
              <BranchPoints />
            </Method>
          </Methods>
        </Class>
        <Class>
          <Summary numSequencePoints="0" visitedSequencePoints="0" numBranchPoints="0" visitedBranchPoints="0" sequenceCoverage="0" branchCoverage="0" maxCyclomaticComplexity="0" minCyclomaticComplexity="0" maxCrapScore="0" minCrapScore="0" visitedClasses="0" numClasses="0" visitedMethods="0" numMethods="0" />
          <FullName>ReadLists/&lt;&gt;c</FullName>
          <Methods>
            <Method visited="true" cyclomaticComplexity="0" nPathComplexity="0" sequenceCoverage="100.0" branchCoverage="0" crapScore="0" isConstructor="false" isStatic="false" isGetter="false" isSetter="false">
              <Summary numSequencePoints="0" visitedSequencePoints="0" numBranchPoints="0" visitedBranchPoints="0" sequenceCoverage="100.0" branchCoverage="0" maxCyclomaticComplexity="0" minCyclomaticComplexity="0" maxCrapScore="0" minCrapScore="0" visitedClasses="0" numClasses="0" visitedMethods="0" numMethods="0" />
              <MetadataToken>100663375</MetadataToken>
              <Name>System.Single ReadLists/&lt;&gt;c::&lt;ReadFloatList&gt;b__0_0(FileTokenIterator)</Name>
              <FileRef uid="10" />
              <SequencePoints>
                <SequencePoint vc="3" uspid="895" ordinal="0" offset="0" sl="14" sc="20" el="14" ec="20" bec="0" bev="0" fileid="10" />
              </SequencePoints>
              <BranchPoints />
            </Method>
            <Method visited="true" cyclomaticComplexity="0" nPathComplexity="0" sequenceCoverage="100.0" branchCoverage="0" crapScore="0" isConstructor="false" isStatic="false" isGetter="false" isSetter="false">
              <Summary numSequencePoints="0" visitedSequencePoints="0" numBranchPoints="0" visitedBranchPoints="0" sequenceCoverage="100.0" branchCoverage="0" maxCyclomaticComplexity="0" minCyclomaticComplexity="0" maxCrapScore="0" minCrapScore="0" visitedClasses="0" numClasses="0" visitedMethods="0" numMethods="0" />
              <MetadataToken>100663376</MetadataToken>
              <Name>System.Int32 ReadLists/&lt;&gt;c::&lt;ReadIntList&gt;b__1_0(FileTokenIterator)</Name>
              <FileRef uid="10" />
              <SequencePoints>
                <SequencePoint vc="12" uspid="896" ordinal="0" offset="0" sl="23" sc="20" el="23" ec="20" bec="0" bev="0" fileid="10" />
              </SequencePoints>
              <BranchPoints />
            </Method>
            <Method visited="true" cyclomaticComplexity="0" nPathComplexity="0" sequenceCoverage="100.0" branchCoverage="0" crapScore="0" isConstructor="false" isStatic="false" isGetter="false" isSetter="false">
              <Summary numSequencePoints="0" visitedSequencePoints="0" numBranchPoints="0" visitedBranchPoints="0" sequenceCoverage="100.0" branchCoverage="0" maxCyclomaticComplexity="0" minCyclomaticComplexity="0" maxCrapScore="0" minCrapScore="0" visitedClasses="0" numClasses="0" visitedMethods="0" numMethods="0" />
              <MetadataToken>100663377</MetadataToken>
              <Name>System.String ReadLists/&lt;&gt;c::&lt;ReadStringList&gt;b__2_0(FileTokenIterator)</Name>
              <FileRef uid="10" />
              <SequencePoints>
                <SequencePoint vc="3" uspid="897" ordinal="0" offset="0" sl="32" sc="20" el="32" ec="20" bec="0" bev="0" fileid="10" />
              </SequencePoints>
              <BranchPoints />
            </Method>
          </Methods>
        </Class>
        <Class>
          <Summary numSequencePoints="0" visitedSequencePoints="0" numBranchPoints="0" visitedBranchPoints="0" sequenceCoverage="0" branchCoverage="0" maxCyclomaticComplexity="0" minCyclomaticComplexity="0" maxCrapScore="0" minCrapScore="0" visitedClasses="0" numClasses="0" visitedMethods="0" numMethods="0" />
          <FullName>ReadObjects/VariableTokenIterator</FullName>
          <Methods>
            <Method visited="true" cyclomaticComplexity="0" nPathComplexity="0" sequenceCoverage="100.0" branchCoverage="0" crapScore="0" isConstructor="true" isStatic="false" isGetter="false" isSetter="false">
              <Summary numSequencePoints="0" visitedSequencePoints="0" numBranchPoints="0" visitedBranchPoints="0" sequenceCoverage="100.0" branchCoverage="0" maxCyclomaticComplexity="0" minCyclomaticComplexity="0" maxCrapScore="0" minCrapScore="0" visitedClasses="0" numClasses="0" visitedMethods="0" numMethods="0" />
              <MetadataToken>100663378</MetadataToken>
              <Name>ReadObjects/VariableTokenIterator::VariableTokenIterator(System.String, FileTokenIterator)</Name>
              <FileRef uid="11" />
              <SequencePoints>
                <SequencePoint vc="3" uspid="898" ordinal="0" offset="0" sl="68" sc="9" el="68" ec="9" bec="0" bev="0" fileid="11" />
                <SequencePoint vc="3" uspid="899" ordinal="0" offset="7" sl="69" sc="9" el="69" ec="9" bec="0" bev="0" fileid="11" />
                <SequencePoint vc="3" uspid="900" ordinal="0" offset="8" sl="70" sc="13" el="70" ec="13" bec="0" bev="0" fileid="11" />
                <SequencePoint vc="3" uspid="901" ordinal="0" offset="15" sl="71" sc="13" el="71" ec="13" bec="0" bev="0" fileid="11" />
                <SequencePoint vc="3" uspid="902" ordinal="0" offset="22" sl="72" sc="9" el="72" ec="9" bec="0" bev="0" fileid="11" />
              </SequencePoints>
              <BranchPoints />
            </Method>
          </Methods>
        </Class>
      </Classes>
    </Module>
  </Modules>
</CoverageSession>